epoch	time used	train_loss	valid rse	valid rae	valid corr
  1	 7.86s	4.1178	0.6522	0.6240	0.8712
  2	 7.85s	2.5003	0.5385	0.4460	0.8863
  3	 7.89s	2.1183	0.4624	0.3398	0.9130
  4	 7.87s	1.8549	0.4623	0.3454	0.9177
  5	 7.88s	1.7042	0.4214	0.3068	0.9268
  6	 7.89s	1.6582	0.3942	0.2799	0.9365
  7	 7.89s	1.6214	0.4459	0.3209	0.9233
  8	 7.88s	1.5674	0.4167	0.2977	0.9289
  9	 7.86s	1.5367	0.4157	0.3005	0.9310
 10	 7.90s	1.5158	0.4530	0.3297	0.9323
 11	 7.87s	1.5217	0.4580	0.3285	0.9235
 12	 7.91s	1.4811	0.3973	0.2893	0.9377
 13	 7.92s	1.4474	0.4144	0.3137	0.9299
 14	 7.90s	1.4378	0.4068	0.2979	0.9363
 15	 7.89s	1.4228	0.4179	0.3156	0.9296
 16	 7.90s	1.4230	0.3752	0.2654	0.9427
 17	 7.90s	1.4147	0.3986	0.2860	0.9353
 18	 7.90s	1.4023	0.4118	0.3040	0.9323
 19	 7.92s	1.3947	0.3835	0.2786	0.9412
 20	 7.92s	1.3857	0.3717	0.2619	0.9451
 21	 7.88s	1.3761	0.3839	0.2799	0.9416
 22	 7.89s	1.3531	0.4013	0.2941	0.9351
 23	 7.90s	1.3578	0.3919	0.2927	0.9391
 24	 7.91s	1.3546	0.3852	0.2841	0.9401
 25	 7.93s	1.3447	0.3894	0.2810	0.9391
 26	 7.90s	1.3473	0.3729	0.2623	0.9444
 27	 7.89s	1.3287	0.3966	0.2909	0.9382
 28	 7.90s	1.3388	0.4041	0.2935	0.9348
 29	 7.91s	1.3236	0.3956	0.2890	0.9401
 30	 7.92s	1.3106	0.3937	0.2878	0.9363
 31	 7.90s	1.3072	0.3949	0.2842	0.9366
 32	 7.91s	1.3031	0.3948	0.2898	0.9373
 33	 7.87s	1.3015	0.3733	0.2679	0.9440
 34	 7.90s	1.2856	0.3727	0.2575	0.9443
 35	 7.91s	1.2797	0.3971	0.2855	0.9382
 36	 7.91s	1.2860	0.3971	0.2927	0.9387
 37	 7.93s	1.2923	0.3881	0.2857	0.9396
 38	 7.91s	1.2841	0.3753	0.2587	0.9429
 39	 7.93s	1.2823	0.3886	0.2753	0.9392
 40	 7.87s	1.2784	0.3724	0.2702	0.9450
 41	 7.89s	1.2784	0.3982	0.2782	0.9349
 42	 7.90s	1.2728	0.3813	0.2623	0.9429
 43	 7.92s	1.2773	0.3986	0.2871	0.9362
 44	 7.90s	1.2670	0.3948	0.2833	0.9371
 45	 7.92s	1.2597	0.3956	0.2766	0.9393
 46	 7.89s	1.2401	0.3907	0.2708	0.9393
 47	 7.91s	1.2470	0.3716	0.2616	0.9451
 48	 7.92s	1.2523	0.3848	0.2764	0.9410
 49	 7.90s	1.2327	0.4069	0.2761	0.9405
 50	 7.93s	1.2348	0.3830	0.2695	0.9419
 51	 7.89s	1.2385	0.3964	0.2864	0.9374
 52	 7.90s	1.2391	0.3858	0.2696	0.9391
 53	 7.92s	1.2424	0.3923	0.2661	0.9390
 54	 7.90s	1.2334	0.3880	0.2672	0.9387
 55	 7.94s	1.2259	0.3860	0.2623	0.9397
 56	 7.94s	1.2227	0.3851	0.2770	0.9415
 57	 7.93s	1.2169	0.3865	0.2728	0.9400
 58	 7.92s	1.2163	0.3784	0.2618	0.9419
 59	 7.89s	1.2089	0.3876	0.2741	0.9391
 60	 7.89s	1.2159	0.3883	0.2665	0.9412
 61	 7.91s	1.2000	0.3759	0.2569	0.9428
 62	 7.93s	1.2000	0.3827	0.2603	0.9425
 63	 7.92s	1.1949	0.3845	0.2580	0.9426
 64	 7.93s	1.1962	0.3796	0.2633	0.9420
 65	 7.88s	1.1972	0.3748	0.2524	0.9440
 66	 7.91s	1.2198	0.3807	0.2522	0.9447
 67	 7.91s	1.1921	0.3877	0.2599	0.9407
 68	 7.92s	1.1891	0.3708	0.2403	0.9457
 69	 7.91s	1.1880	0.3826	0.2473	0.9435
 70	 7.93s	1.1966	0.3852	0.2561	0.9440
 71	 7.85s	1.1809	0.3795	0.2530	0.9439
 72	 7.89s	1.1992	0.3688	0.2494	0.9453
 73	 7.91s	1.1775	0.3757	0.2550	0.9427
 74	 7.93s	1.1751	0.3748	0.2566	0.9436
 75	 7.92s	1.1782	0.3803	0.2559	0.9437
 76	 7.92s	1.1670	0.3786	0.2566	0.9424
 77	 7.90s	1.1828	0.3786	0.2613	0.9436
 78	 7.90s	1.1802	0.3770	0.2610	0.9435
 79	 7.90s	1.1676	0.3708	0.2554	0.9444
 80	 7.90s	1.1703	0.3772	0.2585	0.9438
 81	 7.90s	1.1714	0.3733	0.2468	0.9447
 82	 7.92s	1.1790	0.3772	0.2601	0.9433
 83	 7.92s	1.1609	0.3841	0.2524	0.9445
 84	 7.90s	1.1584	0.3779	0.2513	0.9425
 85	 7.91s	1.1555	0.3829	0.2541	0.9425
 86	 7.91s	1.1645	0.3806	0.2573	0.9427
 87	 7.90s	1.1465	0.3752	0.2469	0.9433
 88	 7.92s	1.1607	0.3714	0.2437	0.9442
 89	 7.92s	1.1533	0.3826	0.2439	0.9442
 90	 7.90s	1.1646	0.3845	0.2547	0.9426
 91	 7.87s	1.1529	0.3830	0.2569	0.9416
 92	 7.90s	1.1464	0.3825	0.2520	0.9430
 93	 7.91s	1.1552	0.3780	0.2510	0.9426
 94	 7.93s	1.1410	0.3808	0.2492	0.9440
 95	 7.92s	1.1318	0.3743	0.2536	0.9442
 96	 7.91s	1.1560	0.3804	0.2499	0.9442
 97	 7.90s	1.1397	0.3849	0.2495	0.9431
 98	 7.88s	1.1396	0.3891	0.2533	0.9434
 99	 7.91s	1.1350	0.3823	0.2462	0.9420
100	 7.93s	1.1566	0.3787	0.2482	0.9435
101	 7.91s	1.1296	0.3795	0.2513	0.9438
102	 7.90s	1.1348	0.3763	0.2520	0.9433
103	 7.88s	1.1249	0.3781	0.2463	0.9423
104	 7.88s	1.1482	0.3913	0.2632	0.9416
105	 7.91s	1.1414	0.3874	0.2495	0.9430
106	 7.90s	1.1258	0.3772	0.2451	0.9433
107	 7.92s	1.1296	0.3875	0.2513	0.9421
108	 7.92s	1.1358	0.3729	0.2381	0.9454
109	 7.92s	1.1284	0.3845	0.2481	0.9422
110	 7.89s	1.1257	0.3763	0.2435	0.9436
111	 7.91s	1.1242	0.3900	0.2464	0.9442
112	 7.91s	1.1161	0.3859	0.2459	0.9440
113	 7.92s	1.1290	0.3930	0.2495	0.9418
114	 7.94s	1.1189	0.3918	0.2563	0.9400
115	 7.92s	1.1213	0.3847	0.2470	0.9416
116	 7.87s	1.1208	0.3930	0.2457	0.9437
117	 7.88s	1.1276	0.3852	0.2439	0.9438
118	 7.91s	1.1108	0.3939	0.2513	0.9426
119	 7.92s	1.1166	0.3791	0.2435	0.9425
120	 7.93s	1.1128	0.3881	0.2482	0.9418
121	 7.91s	1.1153	0.3777	0.2452	0.9434
122	 7.88s	1.1059	0.3969	0.2498	0.9414
123	 7.90s	1.1235	0.3927	0.2610	0.9377
124	 7.90s	1.1132	0.3916	0.2489	0.9411
125	 7.91s	1.1014	0.3852	0.2398	0.9443
126	 7.91s	1.1130	0.3868	0.2365	0.9441
127	 7.92s	1.1047	0.3879	0.2466	0.9414
128	 7.92s	1.1094	0.3952	0.2485	0.9401
129	 7.87s	1.1078	0.3986	0.2493	0.9404
130	 7.89s	1.1060	0.3832	0.2510	0.9398
131	 7.90s	1.1079	0.3858	0.2405	0.9421
132	 7.91s	1.1087	0.3920	0.2493	0.9419
133	 7.93s	1.0993	0.3843	0.2414	0.9433
134	 7.92s	1.1016	0.3788	0.2436	0.9433
135	 7.89s	1.1082	0.4069	0.2552	0.9419
136	 7.90s	1.1027	0.3795	0.2332	0.9448
137	 7.92s	1.0985	0.3804	0.2399	0.9435
138	 7.91s	1.0953	0.3850	0.2423	0.9417
139	 7.92s	1.0963	0.3838	0.2353	0.9445
140	 7.92s	1.1044	0.3942	0.2522	0.9416
141	 7.87s	1.1086	0.3931	0.2515	0.9443
142	 7.89s	1.0874	0.4088	0.2491	0.9378
143	 7.90s	1.1126	0.3819	0.2478	0.9406
144	 7.89s	1.0971	0.3815	0.2466	0.9409
145	 7.91s	1.0866	0.3940	0.2486	0.9409
146	 7.93s	1.0926	0.3902	0.2450	0.9407
147	 7.89s	1.0974	0.3975	0.2435	0.9437
148	 7.88s	1.1026	0.3963	0.2458	0.9423
149	 7.90s	1.0832	0.3891	0.2436	0.9422
150	 7.91s	1.0895	0.3952	0.2463	0.9407
151	 7.90s	1.0969	0.3877	0.2432	0.9433
152	 7.92s	1.0834	0.3943	0.2418	0.9441
153	 7.92s	1.0825	0.3850	0.2408	0.9440
154	 7.88s	1.0815	0.3782	0.2392	0.9440
155	 7.91s	1.0949	0.3901	0.2390	0.9440
156	 7.91s	1.0943	0.3909	0.2383	0.9440
157	 7.91s	1.0813	0.3909	0.2501	0.9390
158	 7.90s	1.0908	0.3840	0.2395	0.9412
159	 7.91s	1.0826	0.3766	0.2355	0.9426
160	 7.91s	1.0801	0.3914	0.2435	0.9408
161	 7.89s	1.0855	0.3893	0.2442	0.9423
162	 7.90s	1.0912	0.3895	0.2451	0.9415
163	 7.91s	1.0832	0.3861	0.2403	0.9414
164	 7.92s	1.0857	0.3982	0.2460	0.9418
165	 7.92s	1.0823	0.3953	0.2419	0.9428
166	 7.90s	1.0722	0.3980	0.2461	0.9398
167	 7.89s	1.0809	0.3949	0.2450	0.9407
168	 7.92s	1.0745	0.4122	0.2548	0.9407
169	 7.91s	1.0771	0.3933	0.2372	0.9436
170	 7.92s	1.0820	0.3886	0.2407	0.9409
171	 7.90s	1.0876	0.4023	0.2472	0.9409
172	 7.92s	1.0820	0.3967	0.2428	0.9402
173	 7.88s	1.0650	0.3945	0.2429	0.9410
174	 7.89s	1.0688	0.3982	0.2450	0.9413
175	 7.90s	1.0743	0.3999	0.2537	0.9356
176	 7.92s	1.0787	0.3971	0.2427	0.9397
177	 7.92s	1.0758	0.4061	0.2531	0.9403
178	 7.92s	1.0778	0.3974	0.2483	0.9375
179	 7.90s	1.0761	0.4054	0.2489	0.9409
180	 7.87s	1.0725	0.3828	0.2412	0.9417
181	 7.89s	1.0762	0.3975	0.2482	0.9389
182	 7.90s	1.0732	0.4140	0.2544	0.9401
183	 7.91s	1.0827	0.3814	0.2416	0.9415
184	 7.90s	1.0694	0.3968	0.2440	0.9416
185	 7.90s	1.0841	0.4040	0.2519	0.9376
186	 7.86s	1.0660	0.4025	0.2445	0.9398
187	 7.88s	1.0678	0.4128	0.2644	0.9305
188	 7.90s	1.0850	0.3988	0.2469	0.9387
189	 7.89s	1.0682	0.4028	0.2434	0.9413
190	 7.91s	1.0688	0.4092	0.2520	0.9391
191	 7.90s	1.0665	0.3944	0.2422	0.9405
192	 7.89s	1.0642	0.3994	0.2474	0.9389
193	 7.89s	1.0674	0.4045	0.2462	0.9387
194	 7.89s	1.0639	0.4004	0.2428	0.9424
195	 7.89s	1.0630	0.4103	0.2525	0.9382
196	 7.91s	1.0745	0.3910	0.2439	0.9394
197	 7.91s	1.0702	0.4045	0.2552	0.9355
198	 7.91s	1.0693	0.4019	0.2436	0.9410
199	 7.87s	1.0646	0.4110	0.2515	0.9371
200	 7.89s	1.0656	0.4032	0.2460	0.9392
