epoch	time used	train_loss	valid rse	valid rae	valid corr
  1	 4.12s	0.0338	0.6469	0.4903	0.7745
  2	 4.09s	0.0164	0.5437	0.3868	0.8256
  3	 4.11s	0.0143	0.5069	0.3604	0.8450
  4	 4.11s	0.0132	0.5008	0.3477	0.8540
  5	 4.11s	0.0127	0.4858	0.3353	0.8588
  6	 4.11s	0.0121	0.4912	0.3376	0.8593
  7	 4.13s	0.0116	0.4886	0.3348	0.8622
  8	 4.12s	0.0114	0.4745	0.3163	0.8652
  9	 4.11s	0.0111	0.4965	0.3437	0.8645
 10	 4.12s	0.0109	0.4845	0.3218	0.8685
 11	 4.09s	0.0107	0.4803	0.3212	0.8687
 12	 4.14s	0.0107	0.4753	0.3136	0.8687
 13	 4.13s	0.0104	0.4718	0.3133	0.8690
 14	 4.11s	0.0104	0.4721	0.3143	0.8706
 15	 4.12s	0.0102	0.4759	0.3231	0.8729
 16	 4.13s	0.0102	0.4707	0.3100	0.8720
 17	 4.12s	0.0101	0.4669	0.3042	0.8733
 18	 4.12s	0.0100	0.4692	0.3096	0.8737
 19	 4.12s	0.0100	0.4705	0.3090	0.8746
 20	 4.13s	0.0099	0.4659	0.3039	0.8743
 21	 4.10s	0.0098	0.4687	0.3034	0.8735
 22	 4.12s	0.0097	0.4589	0.2954	0.8756
 23	 4.12s	0.0097	0.4638	0.3036	0.8752
 24	 4.12s	0.0096	0.4581	0.2965	0.8763
 25	 4.12s	0.0096	0.4612	0.2962	0.8744
 26	 4.13s	0.0096	0.4558	0.2905	0.8775
 27	 4.12s	0.0096	0.4719	0.3075	0.8748
 28	 4.13s	0.0095	0.4732	0.3110	0.8707
 29	 4.13s	0.0094	0.4607	0.2968	0.8748
 30	 4.12s	0.0094	0.4638	0.3016	0.8754
 31	 4.10s	0.0094	0.4583	0.2943	0.8767
 32	 4.12s	0.0093	0.4618	0.2989	0.8765
 33	 4.14s	0.0093	0.4581	0.2943	0.8771
 34	 4.13s	0.0093	0.4617	0.2928	0.8745
 35	 4.13s	0.0093	0.4554	0.2907	0.8766
 36	 4.12s	0.0093	0.4613	0.2970	0.8786
 37	 4.13s	0.0092	0.4649	0.3024	0.8788
 38	 4.12s	0.0092	0.4630	0.3003	0.8787
 39	 4.13s	0.0092	0.4571	0.2929	0.8779
 40	 4.12s	0.0091	0.4554	0.2896	0.8779
 41	 4.10s	0.0091	0.4555	0.2900	0.8789
 42	 4.14s	0.0091	0.4518	0.2878	0.8784
 43	 4.12s	0.0091	0.4574	0.2929	0.8770
 44	 4.13s	0.0091	0.4697	0.3099	0.8738
 45	 4.12s	0.0090	0.4511	0.2842	0.8796
 46	 4.13s	0.0090	0.4612	0.2923	0.8772
 47	 4.14s	0.0090	0.4591	0.2981	0.8775
 48	 4.13s	0.0090	0.4574	0.2931	0.8784
 49	 4.13s	0.0089	0.4530	0.2860	0.8791
 50	 4.13s	0.0089	0.4576	0.2943	0.8792
 51	 4.10s	0.0089	0.4606	0.2993	0.8752
 52	 4.13s	0.0089	0.4543	0.2892	0.8782
 53	 4.13s	0.0088	0.4565	0.2884	0.8779
 54	 4.12s	0.0089	0.4548	0.2910	0.8793
 55	 4.13s	0.0088	0.4556	0.2905	0.8787
 56	 4.12s	0.0088	0.4661	0.2987	0.8734
 57	 4.13s	0.0088	0.4555	0.2916	0.8767
 58	 4.13s	0.0088	0.4521	0.2857	0.8799
 59	 4.13s	0.0087	0.4580	0.2909	0.8772
 60	 4.12s	0.0087	0.4548	0.2890	0.8784
 61	 4.10s	0.0087	0.4651	0.2984	0.8742
 62	 4.12s	0.0087	0.4583	0.2919	0.8771
 63	 4.14s	0.0087	0.4539	0.2868	0.8779
 64	 4.13s	0.0087	0.4665	0.2977	0.8740
 65	 4.13s	0.0086	0.4549	0.2927	0.8787
 66	 4.11s	0.0086	0.4559	0.2920	0.8771
 67	 4.14s	0.0086	0.4562	0.2892	0.8771
 68	 4.12s	0.0086	0.4562	0.2875	0.8763
 69	 4.13s	0.0086	0.4497	0.2803	0.8795
 70	 4.12s	0.0086	0.4623	0.2938	0.8752
 71	 4.11s	0.0085	0.4523	0.2816	0.8782
 72	 4.12s	0.0085	0.4565	0.2877	0.8777
 73	 4.13s	0.0085	0.4533	0.2875	0.8783
 74	 4.12s	0.0085	0.4523	0.2855	0.8780
 75	 4.11s	0.0085	0.4532	0.2865	0.8788
 76	 4.12s	0.0085	0.4582	0.2910	0.8756
 77	 4.12s	0.0085	0.4542	0.2853	0.8767
 78	 4.12s	0.0084	0.4516	0.2841	0.8791
 79	 4.13s	0.0084	0.4523	0.2813	0.8783
 80	 4.13s	0.0084	0.4520	0.2863	0.8794
 81	 4.10s	0.0084	0.4559	0.2889	0.8777
 82	 4.13s	0.0084	0.4601	0.2921	0.8761
 83	 4.13s	0.0084	0.4491	0.2816	0.8787
 84	 4.13s	0.0084	0.4537	0.2862	0.8793
 85	 4.11s	0.0083	0.4518	0.2824	0.8785
 86	 4.13s	0.0084	0.4552	0.2862	0.8756
 87	 4.13s	0.0083	0.4592	0.2888	0.8751
 88	 4.12s	0.0084	0.4545	0.2861	0.8756
 89	 4.14s	0.0083	0.4661	0.2935	0.8729
 90	 4.15s	0.0083	0.4720	0.3003	0.8693
 91	 4.11s	0.0083	0.4801	0.3067	0.8665
 92	 4.12s	0.0083	0.4502	0.2807	0.8791
 93	 4.12s	0.0083	0.4547	0.2832	0.8771
 94	 4.12s	0.0083	0.4485	0.2806	0.8796
 95	 4.12s	0.0083	0.4627	0.2934	0.8737
 96	 4.13s	0.0083	0.4566	0.2857	0.8761
 97	 4.13s	0.0083	0.4571	0.2864	0.8756
 98	 4.14s	0.0083	0.4600	0.2927	0.8757
 99	 4.13s	0.0083	0.4604	0.2917	0.8740
100	 4.12s	0.0083	0.4542	0.2833	0.8758
101	 4.10s	0.0083	0.4641	0.2905	0.8739
102	 4.13s	0.0082	0.4556	0.2860	0.8764
103	 4.13s	0.0082	0.4641	0.2947	0.8745
104	 4.13s	0.0082	0.4545	0.2846	0.8780
105	 4.13s	0.0082	0.4518	0.2856	0.8785
106	 4.14s	0.0082	0.4548	0.2854	0.8756
107	 4.13s	0.0082	0.4576	0.2857	0.8754
108	 4.12s	0.0082	0.4549	0.2871	0.8773
109	 4.14s	0.0082	0.4660	0.2944	0.8718
110	 4.12s	0.0082	0.4571	0.2871	0.8760
111	 4.11s	0.0082	0.4616	0.2913	0.8736
112	 4.14s	0.0082	0.4626	0.2910	0.8738
113	 4.14s	0.0082	0.4559	0.2872	0.8756
114	 4.14s	0.0082	0.4532	0.2852	0.8777
115	 4.10s	0.0082	0.4567	0.2839	0.8764
116	 4.13s	0.0082	0.4576	0.2866	0.8748
117	 4.12s	0.0082	0.4648	0.2936	0.8725
118	 4.12s	0.0082	0.4621	0.2902	0.8752
119	 4.15s	0.0082	0.4625	0.2897	0.8747
120	 4.13s	0.0081	0.4587	0.2889	0.8759
121	 4.12s	0.0081	0.4563	0.2853	0.8756
122	 4.10s	0.0081	0.4612	0.2918	0.8739
123	 4.14s	0.0081	0.4622	0.2927	0.8726
124	 4.13s	0.0081	0.4547	0.2853	0.8764
125	 4.13s	0.0081	0.4745	0.3003	0.8685
126	 4.14s	0.0081	0.4535	0.2829	0.8781
127	 4.13s	0.0081	0.4567	0.2869	0.8755
128	 4.13s	0.0081	0.4546	0.2858	0.8753
129	 4.13s	0.0081	0.4568	0.2858	0.8759
130	 4.13s	0.0081	0.4549	0.2866	0.8776
131	 4.11s	0.0081	0.4473	0.2787	0.8796
132	 4.13s	0.0081	0.4633	0.2953	0.8729
133	 4.13s	0.0081	0.4542	0.2836	0.8753
134	 4.12s	0.0081	0.4557	0.2852	0.8753
135	 4.13s	0.0081	0.4630	0.2931	0.8726
136	 4.11s	0.0081	0.4582	0.2871	0.8762
137	 4.13s	0.0081	0.4588	0.2863	0.8753
138	 4.12s	0.0081	0.4574	0.2868	0.8753
139	 4.13s	0.0081	0.4551	0.2844	0.8765
140	 4.13s	0.0080	0.4594	0.2881	0.8725
141	 4.11s	0.0081	0.4614	0.2873	0.8740
142	 4.13s	0.0081	0.4507	0.2808	0.8779
143	 4.12s	0.0080	0.4552	0.2841	0.8767
144	 4.13s	0.0081	0.4593	0.2869	0.8756
145	 4.13s	0.0080	0.4548	0.2844	0.8766
146	 4.13s	0.0080	0.4560	0.2842	0.8766
147	 4.13s	0.0081	0.4543	0.2808	0.8777
148	 4.13s	0.0080	0.4559	0.2867	0.8768
149	 4.13s	0.0080	0.4572	0.2864	0.8761
150	 4.11s	0.0080	0.4547	0.2823	0.8782
151	 4.11s	0.0080	0.4639	0.2899	0.8731
152	 4.12s	0.0080	0.4579	0.2899	0.8768
153	 4.12s	0.0080	0.4554	0.2852	0.8761
154	 4.10s	0.0080	0.4587	0.2843	0.8758
155	 4.12s	0.0080	0.4539	0.2837	0.8768
156	 4.13s	0.0080	0.4591	0.2873	0.8754
157	 4.12s	0.0080	0.4567	0.2855	0.8773
158	 4.13s	0.0080	0.4507	0.2824	0.8793
159	 4.12s	0.0080	0.4632	0.2925	0.8730
160	 4.13s	0.0080	0.4722	0.2979	0.8700
161	 4.12s	0.0080	0.4637	0.2895	0.8745
162	 4.13s	0.0080	0.4595	0.2874	0.8755
163	 4.12s	0.0080	0.4558	0.2859	0.8768
164	 4.12s	0.0080	0.4655	0.2915	0.8740
165	 4.13s	0.0080	0.4611	0.2892	0.8748
166	 4.12s	0.0080	0.4671	0.2937	0.8727
167	 4.12s	0.0080	0.4632	0.2913	0.8726
168	 4.12s	0.0080	0.4590	0.2859	0.8759
169	 4.13s	0.0080	0.4682	0.2945	0.8726
170	 4.12s	0.0080	0.4565	0.2862	0.8763
171	 4.10s	0.0080	0.4543	0.2824	0.8769
172	 4.12s	0.0080	0.4595	0.2871	0.8756
173	 4.11s	0.0080	0.4576	0.2876	0.8750
174	 4.13s	0.0079	0.4694	0.2962	0.8732
175	 4.13s	0.0080	0.4605	0.2871	0.8756
176	 4.12s	0.0079	0.4548	0.2845	0.8761
177	 4.11s	0.0079	0.4693	0.2966	0.8707
178	 4.12s	0.0079	0.4732	0.2991	0.8661
179	 4.12s	0.0079	0.4600	0.2860	0.8754
180	 4.10s	0.0079	0.4576	0.2871	0.8772
181	 4.11s	0.0079	0.4553	0.2844	0.8760
182	 4.12s	0.0079	0.4698	0.2958	0.8726
183	 4.11s	0.0079	0.4653	0.2909	0.8745
184	 4.12s	0.0079	0.4673	0.2945	0.8720
185	 4.12s	0.0079	0.4584	0.2858	0.8763
186	 4.12s	0.0079	0.4717	0.2980	0.8704
187	 4.11s	0.0079	0.4678	0.2942	0.8728
188	 4.13s	0.0079	0.4660	0.2915	0.8736
189	 4.12s	0.0079	0.4746	0.3020	0.8686
190	 4.13s	0.0079	0.4666	0.2942	0.8712
191	 4.12s	0.0079	0.4584	0.2873	0.8756
192	 4.12s	0.0079	0.4718	0.2980	0.8699
193	 4.12s	0.0079	0.4673	0.2949	0.8708
194	 4.11s	0.0079	0.4567	0.2820	0.8761
195	 4.12s	0.0079	0.4673	0.2971	0.8691
196	 4.11s	0.0079	0.4617	0.2915	0.8747
197	 4.11s	0.0079	0.4798	0.3064	0.8684
198	 4.11s	0.0079	0.4598	0.2853	0.8760
199	 4.11s	0.0079	0.4622	0.2864	0.8750
200	 4.11s	0.0079	0.4570	0.2851	0.8767
