epoch	time used	train_loss	valid rse	valid rae	valid corr
  1	 8.55s	640.0102	0.0785	0.0619	0.8481
  2	 8.59s	227.6205	0.0728	0.0549	0.8567
  3	 8.55s	213.3379	0.0733	0.0537	0.8594
  4	 8.58s	206.8377	0.0695	0.0513	0.8611
  5	 8.59s	202.1697	0.0715	0.0515	0.8615
  6	 8.51s	199.6233	0.0688	0.0496	0.8618
  7	 8.57s	197.5528	0.0692	0.0496	0.8620
  8	 8.56s	196.3745	0.0695	0.0495	0.8619
  9	 8.58s	195.9410	0.0690	0.0498	0.8619
 10	 8.58s	195.3788	0.0694	0.0497	0.8618
 11	 8.53s	194.8136	0.0696	0.0494	0.8618
 12	 8.52s	195.0171	0.0695	0.0495	0.8614
 13	 8.56s	194.5478	0.0692	0.0490	0.8614
 14	 8.55s	194.3771	0.0696	0.0493	0.8614
 15	 8.55s	194.1945	0.0693	0.0489	0.8613
 16	 8.56s	194.4018	0.0694	0.0489	0.8612
 17	 8.58s	194.5262	0.0699	0.0495	0.8610
 18	 8.55s	193.9298	0.0699	0.0495	0.8610
 19	 8.49s	194.0933	0.0696	0.0489	0.8611
 20	 8.60s	194.0201	0.0693	0.0488	0.8610
 21	 8.53s	194.1259	0.0698	0.0495	0.8611
 22	 8.55s	194.0257	0.0693	0.0489	0.8610
 23	 8.56s	193.7295	0.0697	0.0495	0.8609
 24	 8.56s	193.7203	0.0711	0.0503	0.8609
 25	 8.49s	193.8641	0.0696	0.0491	0.8608
 26	 8.57s	193.8536	0.0693	0.0488	0.8611
 27	 8.57s	194.3208	0.0694	0.0489	0.8609
 28	 8.58s	194.1339	0.0695	0.0487	0.8610
 29	 8.56s	193.9321	0.0703	0.0497	0.8610
 30	 8.60s	194.2526	0.0696	0.0489	0.8608
 31	 8.55s	194.5791	0.0695	0.0488	0.8610
 32	 8.57s	194.2405	0.0695	0.0489	0.8611
 33	 8.54s	194.1494	0.0695	0.0489	0.8611
 34	 8.55s	194.0142	0.0695	0.0491	0.8608
 35	 8.54s	193.9740	0.0703	0.0500	0.8609
 36	 8.56s	193.8997	0.0696	0.0489	0.8611
 37	 8.54s	194.0437	0.0694	0.0488	0.8610
 38	 8.52s	194.0040	0.0699	0.0492	0.8610
 39	 8.54s	193.9909	0.0694	0.0489	0.8610
 40	 8.56s	193.9936	0.0695	0.0488	0.8609
 41	 8.53s	193.9278	0.0694	0.0488	0.8611
 42	 8.58s	193.7630	0.0697	0.0492	0.8610
 43	 8.57s	193.9925	0.0695	0.0487	0.8610
 44	 8.51s	193.7410	0.0696	0.0493	0.8606
 45	 8.55s	194.2386	0.0697	0.0496	0.8607
 46	 8.54s	194.0535	0.0699	0.0494	0.8609
 47	 8.56s	194.0670	0.0698	0.0490	0.8607
 48	 8.57s	193.8183	0.0707	0.0502	0.8607
 49	 8.61s	194.0873	0.0694	0.0489	0.8609
 50	 8.58s	194.1191	0.0694	0.0490	0.8608
 51	 8.52s	193.9680	0.0697	0.0496	0.8610
 52	 8.57s	194.3235	0.0698	0.0499	0.8610
 53	 8.58s	194.1819	0.0716	0.0515	0.8610
 54	 8.59s	193.9213	0.0695	0.0492	0.8609
 55	 8.60s	193.7758	0.0697	0.0490	0.8608
 56	 8.55s	194.0528	0.0695	0.0488	0.8608
 57	 8.51s	193.8366	0.0697	0.0490	0.8610
 58	 8.56s	193.7690	0.0697	0.0491	0.8610
 59	 8.57s	193.8884	0.0695	0.0490	0.8609
 60	 8.57s	193.8245	0.0696	0.0492	0.8608
 61	 8.55s	193.9260	0.0696	0.0491	0.8610
 62	 8.56s	193.8830	0.0700	0.0492	0.8609
 63	 8.52s	193.6409	0.0695	0.0489	0.8610
 64	 8.60s	193.8244	0.0707	0.0497	0.8608
 65	 8.56s	194.1330	0.0696	0.0491	0.8609
 66	 8.57s	194.0396	0.0695	0.0488	0.8608
 67	 8.55s	194.0996	0.0702	0.0498	0.8609
 68	 8.56s	193.7343	0.0695	0.0488	0.8610
 69	 8.54s	193.9458	0.0699	0.0492	0.8608
 70	 8.51s	193.8439	0.0695	0.0489	0.8610
 71	 8.52s	194.3174	0.0707	0.0496	0.8610
 72	 8.55s	193.7994	0.0695	0.0490	0.8609
 73	 8.55s	194.1733	0.0696	0.0488	0.8610
 74	 8.58s	193.8704	0.0694	0.0488	0.8609
 75	 8.55s	194.1021	0.0707	0.0500	0.8609
 76	 8.50s	194.1162	0.0710	0.0506	0.8608
 77	 8.55s	194.2196	0.0699	0.0492	0.8610
 78	 8.54s	193.9938	0.0701	0.0495	0.8610
 79	 8.55s	194.0869	0.0698	0.0493	0.8610
 80	 8.54s	194.0466	0.0695	0.0490	0.8608
 81	 8.52s	193.9489	0.0696	0.0491	0.8609
 82	 8.52s	194.1724	0.0694	0.0487	0.8610
 83	 8.58s	194.0066	0.0696	0.0489	0.8611
 84	 8.55s	193.8359	0.0696	0.0488	0.8610
 85	 8.53s	194.2452	0.0697	0.0490	0.8610
 86	 8.54s	193.8339	0.0702	0.0499	0.8610
 87	 8.58s	193.8892	0.0695	0.0492	0.8611
 88	 8.58s	193.9610	0.0696	0.0491	0.8607
 89	 8.52s	193.6781	0.0698	0.0490	0.8610
 90	 8.55s	194.8799	0.0694	0.0488	0.8609
 91	 8.54s	193.8775	0.0695	0.0489	0.8608
 92	 8.54s	193.7879	0.0695	0.0488	0.8610
 93	 8.60s	193.9479	0.0705	0.0498	0.8610
 94	 8.59s	193.8514	0.0695	0.0487	0.8610
 95	 8.53s	193.7884	0.0697	0.0491	0.8608
 96	 8.59s	193.8154	0.0698	0.0492	0.8608
 97	 8.55s	194.2157	0.0695	0.0487	0.8610
 98	 8.54s	193.9720	0.0695	0.0489	0.8609
 99	 8.54s	193.8491	0.0696	0.0494	0.8609
100	 8.55s	193.7331	0.0695	0.0490	0.8609
101	 8.48s	193.9318	0.0697	0.0490	0.8608
102	 8.58s	194.2338	0.0696	0.0489	0.8609
103	 8.56s	194.2277	0.0694	0.0493	0.8609
104	 8.57s	193.7072	0.0696	0.0490	0.8608
105	 8.57s	194.5959	0.0694	0.0488	0.8609
106	 8.55s	193.7578	0.0697	0.0489	0.8610
107	 8.52s	193.8590	0.0696	0.0489	0.8611
108	 8.51s	194.1655	0.0705	0.0501	0.8609
109	 8.54s	193.8246	0.0698	0.0492	0.8610
110	 8.56s	193.9765	0.0697	0.0489	0.8609
111	 8.53s	194.0645	0.0704	0.0501	0.8611
112	 8.54s	194.1937	0.0697	0.0492	0.8608
113	 8.53s	193.7665	0.0697	0.0490	0.8610
114	 8.49s	193.9700	0.0695	0.0489	0.8608
115	 8.54s	193.8237	0.0704	0.0497	0.8610
116	 8.53s	193.8535	0.0694	0.0488	0.8609
117	 8.55s	193.7856	0.0703	0.0496	0.8609
118	 8.54s	194.2808	0.0695	0.0490	0.8609
119	 8.56s	193.8926	0.0704	0.0502	0.8610
120	 8.53s	194.0075	0.0696	0.0488	0.8611
121	 8.54s	193.6983	0.0695	0.0490	0.8610
122	 8.61s	194.2036	0.0695	0.0489	0.8610
123	 8.57s	193.6410	0.0699	0.0494	0.8610
124	 8.57s	194.2866	0.0697	0.0491	0.8610
125	 8.59s	193.7812	0.0695	0.0487	0.8610
126	 8.54s	194.3330	0.0698	0.0494	0.8608
127	 8.49s	193.9486	0.0697	0.0492	0.8609
128	 8.54s	193.9447	0.0694	0.0489	0.8608
129	 8.53s	194.1360	0.0694	0.0490	0.8608
130	 8.53s	194.1182	0.0695	0.0488	0.8611
131	 8.56s	194.0222	0.0694	0.0488	0.8610
132	 8.57s	193.8965	0.0700	0.0495	0.8611
133	 8.50s	193.9983	0.0695	0.0489	0.8609
134	 8.55s	194.2013	0.0695	0.0488	0.8609
135	 8.58s	193.8590	0.0703	0.0494	0.8611
136	 8.58s	193.8040	0.0699	0.0497	0.8608
137	 8.55s	194.0139	0.0702	0.0492	0.8609
138	 8.54s	194.4479	0.0695	0.0490	0.8607
139	 8.54s	194.1036	0.0698	0.0493	0.8611
140	 8.49s	193.8668	0.0696	0.0492	0.8609
141	 8.54s	194.0370	0.0700	0.0502	0.8608
142	 8.55s	194.2738	0.0695	0.0490	0.8610
143	 8.55s	194.0701	0.0698	0.0493	0.8609
144	 8.60s	194.5107	0.0697	0.0496	0.8609
145	 8.57s	194.0483	0.0696	0.0491	0.8609
146	 8.54s	193.7628	0.0697	0.0497	0.8610
147	 8.57s	193.8446	0.0695	0.0488	0.8610
148	 8.57s	194.0597	0.0697	0.0491	0.8608
149	 8.57s	193.7901	0.0703	0.0494	0.8608
150	 8.54s	194.0120	0.0696	0.0491	0.8607
151	 8.53s	194.5767	0.0694	0.0488	0.8609
152	 8.50s	193.8877	0.0696	0.0491	0.8610
153	 8.55s	193.8577	0.0697	0.0493	0.8610
154	 8.55s	193.9011	0.0695	0.0488	0.8608
155	 8.55s	193.6424	0.0696	0.0490	0.8611
156	 8.57s	193.8185	0.0695	0.0489	0.8608
157	 8.54s	194.2190	0.0696	0.0492	0.8610
158	 8.54s	194.0539	0.0697	0.0490	0.8609
159	 8.48s	193.7634	0.0701	0.0496	0.8609
160	 8.53s	193.8028	0.0694	0.0488	0.8609
161	 8.53s	194.0700	0.0696	0.0489	0.8610
162	 8.56s	194.0839	0.0697	0.0489	0.8608
163	 8.56s	193.9697	0.0695	0.0489	0.8610
164	 8.56s	193.7347	0.0697	0.0495	0.8609
165	 8.53s	194.0584	0.0696	0.0489	0.8609
166	 8.57s	194.4363	0.0696	0.0489	0.8610
167	 8.57s	194.0786	0.0701	0.0492	0.8610
168	 8.55s	193.9693	0.0696	0.0491	0.8609
169	 8.56s	193.8973	0.0700	0.0493	0.8608
170	 8.56s	194.0777	0.0707	0.0513	0.8610
171	 8.47s	194.0802	0.0695	0.0490	0.8608
172	 8.53s	194.1170	0.0705	0.0499	0.8612
173	 8.53s	193.8145	0.0695	0.0488	0.8608
174	 8.53s	194.0821	0.0695	0.0491	0.8609
175	 8.55s	193.7396	0.0699	0.0496	0.8607
176	 8.55s	193.6759	0.0695	0.0489	0.8607
177	 8.55s	194.1102	0.0702	0.0493	0.8609
178	 8.53s	193.9274	0.0705	0.0495	0.8608
179	 8.56s	193.8176	0.0698	0.0490	0.8608
180	 8.54s	193.9829	0.0700	0.0498	0.8610
181	 8.55s	194.1431	0.0697	0.0490	0.8609
182	 8.56s	193.9586	0.0698	0.0494	0.8608
183	 8.54s	194.1366	0.0699	0.0493	0.8608
184	 8.53s	194.1031	0.0702	0.0500	0.8607
185	 8.56s	194.2797	0.0694	0.0488	0.8610
186	 8.54s	193.7422	0.0697	0.0498	0.8611
187	 8.54s	193.9232	0.0697	0.0501	0.8609
188	 8.55s	193.9195	0.0696	0.0492	0.8609
189	 8.58s	193.8204	0.0695	0.0488	0.8610
190	 8.54s	194.2211	0.0696	0.0491	0.8609
191	 8.54s	193.8920	0.0697	0.0490	0.8609
192	 8.54s	193.9542	0.0696	0.0489	0.8611
193	 8.54s	194.0108	0.0695	0.0488	0.8608
194	 8.54s	194.1476	0.0694	0.0489	0.8607
195	 8.55s	193.7593	0.0695	0.0490	0.8609
196	 8.55s	194.2632	0.0695	0.0489	0.8610
197	 8.48s	193.7198	0.0702	0.0496	0.8610
198	 8.54s	194.1931	0.0696	0.0489	0.8611
199	 8.55s	194.3936	0.0697	0.0493	0.8608
200	 8.53s	194.4161	0.0696	0.0489	0.8610
