epoch	time used	train_loss	valid rse	valid rae	valid corr
  1	 5.50s	550.5980	0.0827	0.0679	0.8243
  2	 5.46s	253.1437	0.0743	0.0575	0.8511
  3	 5.48s	222.7017	0.0709	0.0530	0.8588
  4	 5.45s	208.5444	0.0700	0.0520	0.8594
  5	 5.47s	202.9141	0.0700	0.0505	0.8604
  6	 5.45s	199.2090	0.0690	0.0497	0.8610
  7	 5.44s	197.0964	0.0689	0.0492	0.8611
  8	 5.44s	195.8689	0.0697	0.0496	0.8613
  9	 5.47s	194.6487	0.0696	0.0495	0.8612
 10	 5.49s	194.7509	0.0691	0.0490	0.8612
 11	 5.41s	194.4610	0.0692	0.0488	0.8613
 12	 5.48s	193.8592	0.0692	0.0489	0.8612
 13	 5.47s	193.8942	0.0693	0.0488	0.8611
 14	 5.47s	193.7953	0.0696	0.0493	0.8608
 15	 5.45s	194.0093	0.0698	0.0499	0.8610
 16	 5.49s	194.0164	0.0695	0.0489	0.8609
 17	 5.47s	193.6224	0.0696	0.0491	0.8611
 18	 5.46s	193.6991	0.0702	0.0494	0.8611
 19	 5.46s	193.5435	0.0696	0.0489	0.8608
 20	 5.45s	193.9530	0.0695	0.0494	0.8608
 21	 5.44s	193.5999	0.0700	0.0496	0.8607
 22	 5.48s	193.5167	0.0694	0.0487	0.8609
 23	 5.48s	193.6439	0.0696	0.0491	0.8606
 24	 5.48s	193.6673	0.0694	0.0487	0.8609
 25	 5.46s	193.6093	0.0699	0.0492	0.8607
 26	 5.51s	194.1271	0.0700	0.0499	0.8607
 27	 5.47s	193.5196	0.0699	0.0490	0.8608
 28	 5.47s	194.0363	0.0695	0.0487	0.8608
 29	 5.47s	193.6380	0.0697	0.0492	0.8608
 30	 5.44s	193.6492	0.0696	0.0489	0.8610
 31	 5.41s	193.4411	0.0697	0.0493	0.8606
 32	 5.47s	194.3120	0.0696	0.0489	0.8609
 33	 5.49s	193.6616	0.0695	0.0487	0.8610
 34	 5.50s	193.6961	0.0697	0.0489	0.8610
 35	 5.47s	193.9294	0.0696	0.0493	0.8608
 36	 5.48s	193.7101	0.0703	0.0492	0.8608
 37	 5.48s	193.6636	0.0697	0.0489	0.8610
 38	 5.47s	193.6381	0.0698	0.0493	0.8609
 39	 5.46s	193.4445	0.0694	0.0487	0.8611
 40	 5.44s	193.9712	0.0697	0.0489	0.8609
 41	 5.41s	193.9586	0.0696	0.0488	0.8611
 42	 5.46s	193.7646	0.0695	0.0491	0.8609
 43	 5.46s	193.7640	0.0696	0.0491	0.8610
 44	 5.43s	193.7058	0.0696	0.0488	0.8610
 45	 5.44s	193.8006	0.0697	0.0493	0.8607
 46	 5.45s	193.6772	0.0696	0.0489	0.8609
 47	 5.45s	193.5534	0.0695	0.0488	0.8609
 48	 5.48s	193.9129	0.0695	0.0487	0.8608
 49	 5.44s	194.0138	0.0702	0.0498	0.8610
 50	 5.46s	193.6298	0.0695	0.0488	0.8610
 51	 5.41s	193.9473	0.0695	0.0489	0.8610
 52	 5.45s	193.4854	0.0695	0.0489	0.8608
 53	 5.46s	193.7587	0.0696	0.0489	0.8610
 54	 5.45s	193.7054	0.0700	0.0498	0.8607
 55	 5.49s	193.9530	0.0698	0.0493	0.8608
 56	 5.46s	193.7802	0.0695	0.0488	0.8609
 57	 5.46s	193.6148	0.0695	0.0492	0.8609
 58	 5.45s	193.6549	0.0699	0.0492	0.8609
 59	 5.47s	193.4742	0.0697	0.0491	0.8606
 60	 5.47s	193.8558	0.0698	0.0490	0.8608
 61	 5.43s	193.7527	0.0695	0.0488	0.8608
 62	 5.44s	193.4219	0.0696	0.0490	0.8609
 63	 5.43s	193.9850	0.0696	0.0490	0.8608
 64	 5.44s	193.6347	0.0695	0.0492	0.8608
 65	 5.45s	193.5352	0.0705	0.0496	0.8610
 66	 5.45s	194.0524	0.0695	0.0487	0.8608
 67	 5.44s	193.5464	0.0696	0.0487	0.8607
 68	 5.47s	193.8744	0.0695	0.0488	0.8609
 69	 5.47s	193.6167	0.0695	0.0489	0.8607
 70	 5.46s	193.5440	0.0699	0.0494	0.8609
 71	 5.43s	193.6188	0.0695	0.0489	0.8609
 72	 5.47s	193.8589	0.0705	0.0500	0.8611
 73	 5.45s	193.5658	0.0698	0.0495	0.8609
 74	 5.46s	193.9138	0.0695	0.0488	0.8609
 75	 5.46s	193.9114	0.0695	0.0490	0.8609
 76	 5.47s	193.5639	0.0698	0.0498	0.8609
 77	 5.48s	193.6478	0.0698	0.0490	0.8610
 78	 5.47s	193.8219	0.0697	0.0493	0.8610
 79	 5.46s	193.6177	0.0697	0.0491	0.8611
 80	 5.47s	193.5377	0.0699	0.0495	0.8610
 81	 5.42s	193.6917	0.0698	0.0490	0.8610
 82	 5.47s	193.6099	0.0697	0.0488	0.8610
 83	 5.44s	194.1803	0.0696	0.0489	0.8608
 84	 5.44s	193.9210	0.0698	0.0496	0.8609
 85	 5.47s	193.7710	0.0697	0.0491	0.8609
 86	 5.50s	193.7124	0.0694	0.0488	0.8608
 87	 5.51s	194.2119	0.0711	0.0515	0.8607
 88	 5.43s	193.8028	0.0695	0.0487	0.8609
 89	 5.45s	193.8270	0.0703	0.0493	0.8608
 90	 5.46s	193.9440	0.0696	0.0495	0.8607
 91	 5.43s	193.5520	0.0695	0.0488	0.8609
 92	 5.47s	193.6179	0.0698	0.0490	0.8610
 93	 5.48s	194.2184	0.0694	0.0488	0.8609
 94	 5.47s	193.8444	0.0695	0.0490	0.8607
 95	 5.48s	193.7978	0.0695	0.0488	0.8607
 96	 5.44s	193.4694	0.0695	0.0488	0.8607
 97	 5.46s	193.6660	0.0698	0.0494	0.8608
 98	 5.42s	193.8058	0.0697	0.0492	0.8608
 99	 5.48s	193.5787	0.0695	0.0487	0.8608
100	 5.44s	193.6337	0.0698	0.0495	0.8604
101	 5.41s	193.4477	0.0695	0.0489	0.8608
102	 5.44s	194.0130	0.0697	0.0492	0.8609
103	 5.49s	193.7228	0.0697	0.0498	0.8608
104	 5.45s	193.7757	0.0695	0.0488	0.8612
105	 5.44s	193.7155	0.0698	0.0490	0.8608
106	 5.44s	193.4338	0.0695	0.0487	0.8608
107	 5.48s	194.0895	0.0698	0.0494	0.8607
108	 5.46s	193.5704	0.0697	0.0490	0.8609
109	 5.46s	193.7105	0.0697	0.0489	0.8609
110	 5.46s	193.5524	0.0696	0.0495	0.8608
111	 5.44s	193.8865	0.0694	0.0488	0.8610
112	 5.45s	193.4234	0.0696	0.0489	0.8608
113	 5.46s	193.8184	0.0695	0.0491	0.8609
114	 5.47s	193.7252	0.0696	0.0491	0.8607
115	 5.46s	193.7505	0.0698	0.0495	0.8609
116	 5.46s	193.8525	0.0700	0.0491	0.8608
117	 5.44s	193.4986	0.0696	0.0489	0.8607
118	 5.47s	193.4956	0.0696	0.0488	0.8609
119	 5.44s	193.4061	0.0695	0.0487	0.8610
120	 5.48s	193.6313	0.0697	0.0490	0.8608
121	 5.43s	193.4603	0.0696	0.0489	0.8609
122	 5.47s	193.6702	0.0702	0.0499	0.8607
123	 5.44s	193.4245	0.0698	0.0491	0.8607
124	 5.46s	193.8332	0.0695	0.0487	0.8610
125	 5.45s	193.6869	0.0701	0.0493	0.8610
126	 5.45s	193.4907	0.0696	0.0490	0.8606
127	 5.44s	193.8425	0.0695	0.0489	0.8608
128	 5.48s	193.9849	0.0695	0.0488	0.8609
129	 5.45s	193.4283	0.0695	0.0490	0.8609
130	 5.43s	193.8654	0.0695	0.0488	0.8610
131	 5.44s	193.7626	0.0696	0.0488	0.8609
132	 5.48s	193.8275	0.0695	0.0487	0.8611
133	 5.44s	193.9555	0.0701	0.0500	0.8610
134	 5.44s	193.8459	0.0695	0.0490	0.8608
135	 5.43s	194.0355	0.0694	0.0488	0.8608
136	 5.46s	193.9433	0.0704	0.0503	0.8608
137	 5.45s	193.9177	0.0695	0.0488	0.8607
138	 5.45s	193.5346	0.0696	0.0488	0.8609
139	 5.47s	193.6058	0.0699	0.0492	0.8607
140	 5.47s	193.6025	0.0694	0.0487	0.8609
141	 5.42s	193.7721	0.0695	0.0487	0.8610
142	 5.45s	193.5000	0.0696	0.0488	0.8610
143	 5.45s	193.5246	0.0694	0.0487	0.8610
144	 5.46s	193.9675	0.0694	0.0488	0.8609
145	 5.48s	193.9890	0.0699	0.0492	0.8609
146	 5.44s	193.7892	0.0702	0.0509	0.8607
147	 5.43s	194.0785	0.0698	0.0500	0.8608
148	 5.43s	193.6531	0.0697	0.0490	0.8610
149	 5.44s	193.6371	0.0699	0.0494	0.8609
150	 5.42s	193.7358	0.0728	0.0516	0.8610
151	 5.43s	193.6080	0.0698	0.0491	0.8612
152	 5.45s	193.7734	0.0697	0.0488	0.8610
153	 5.45s	193.6551	0.0699	0.0494	0.8610
154	 5.44s	193.7910	0.0698	0.0494	0.8608
155	 5.46s	193.5230	0.0696	0.0488	0.8610
156	 5.46s	193.9440	0.0701	0.0491	0.8612
157	 5.46s	193.4382	0.0695	0.0491	0.8606
158	 5.47s	193.8066	0.0701	0.0493	0.8609
159	 5.44s	193.6546	0.0696	0.0489	0.8607
160	 5.45s	193.5225	0.0695	0.0488	0.8609
161	 5.41s	193.7682	0.0695	0.0487	0.8610
162	 5.45s	193.6777	0.0697	0.0491	0.8608
163	 5.45s	193.6463	0.0701	0.0493	0.8609
164	 5.47s	193.7530	0.0697	0.0488	0.8609
165	 5.46s	194.0374	0.0694	0.0487	0.8609
166	 5.46s	193.3797	0.0697	0.0490	0.8610
167	 5.45s	194.0381	0.0701	0.0499	0.8609
168	 5.45s	193.5681	0.0696	0.0493	0.8608
169	 5.47s	193.6893	0.0696	0.0489	0.8610
170	 5.44s	193.7857	0.0699	0.0491	0.8607
171	 5.41s	193.9738	0.0696	0.0490	0.8608
172	 5.46s	193.6084	0.0696	0.0488	0.8608
173	 5.46s	193.6562	0.0694	0.0487	0.8608
174	 5.45s	194.2405	0.0712	0.0504	0.8610
175	 5.46s	193.6401	0.0694	0.0488	0.8607
176	 5.45s	193.6796	0.0703	0.0505	0.8608
177	 5.47s	193.8792	0.0702	0.0494	0.8610
178	 5.45s	193.6564	0.0699	0.0497	0.8607
179	 5.45s	193.6041	0.0695	0.0488	0.8610
180	 5.47s	193.7296	0.0694	0.0488	0.8609
181	 5.43s	193.6971	0.0695	0.0489	0.8609
182	 5.44s	193.8795	0.0696	0.0491	0.8610
183	 5.41s	193.7199	0.0698	0.0490	0.8610
184	 5.42s	193.6723	0.0694	0.0488	0.8609
185	 5.44s	193.5621	0.0694	0.0487	0.8610
186	 5.42s	193.4574	0.0698	0.0493	0.8609
187	 5.43s	193.5882	0.0696	0.0488	0.8609
188	 5.42s	193.9365	0.0701	0.0495	0.8609
189	 5.43s	194.0304	0.0698	0.0494	0.8609
190	 5.42s	193.8384	0.0696	0.0491	0.8608
191	 5.44s	194.0008	0.0699	0.0489	0.8608
192	 5.46s	194.2455	0.0700	0.0497	0.8608
193	 5.45s	193.9994	0.0700	0.0493	0.8608
194	 5.45s	193.4184	0.0695	0.0487	0.8608
195	 5.46s	193.7822	0.0697	0.0491	0.8609
196	 5.45s	193.8308	0.0696	0.0490	0.8609
197	 5.45s	193.7841	0.0695	0.0489	0.8608
198	 5.45s	193.5615	0.0695	0.0488	0.8609
199	 5.45s	193.9667	0.0695	0.0488	0.8608
200	 5.42s	193.8200	0.0695	0.0489	0.8609
