epoch	time used	train_loss	valid rse	valid rae	valid corr
  1	 2.66s	400.6135	0.0870	0.0641	0.8458
  2	 2.68s	229.5350	0.0744	0.0546	0.8718
  3	 2.65s	202.3493	0.0710	0.0497	0.8937
  4	 2.71s	190.0095	0.0657	0.0462	0.8983
  5	 2.68s	184.0737	0.0660	0.0455	0.9023
  6	 2.67s	180.4252	0.0659	0.0450	0.9000
  7	 2.69s	178.0714	0.0651	0.0443	0.9010
  8	 2.73s	176.6004	0.0639	0.0437	0.9044
  9	 2.67s	174.9186	0.0626	0.0429	0.9042
 10	 2.71s	174.7553	0.0638	0.0432	0.9055
 11	 2.66s	173.7791	0.0645	0.0438	0.9046
 12	 2.68s	173.3307	0.0626	0.0428	0.9062
 13	 2.66s	173.2909	0.0629	0.0436	0.9051
 14	 2.64s	172.8807	0.0636	0.0435	0.9014
 15	 2.67s	172.5556	0.0634	0.0431	0.9027
 16	 2.71s	172.0888	0.0630	0.0430	0.9085
 17	 2.68s	173.5509	0.0655	0.0439	0.9079
 18	 2.69s	172.0888	0.0635	0.0429	0.9033
 19	 2.72s	171.6051	0.0621	0.0423	0.9072
 20	 2.69s	171.2724	0.0618	0.0422	0.9099
 21	 2.65s	170.5741	0.0630	0.0430	0.9085
 22	 2.75s	170.3769	0.0615	0.0423	0.9084
 23	 2.71s	169.8752	0.0613	0.0427	0.9097
 24	 2.71s	169.5039	0.0611	0.0420	0.9095
 25	 2.71s	168.8251	0.0659	0.0437	0.9070
 26	 2.68s	168.2921	0.0602	0.0414	0.9126
 27	 2.71s	168.0318	0.0622	0.0427	0.9042
 28	 2.67s	167.4726	0.0654	0.0433	0.9045
 29	 2.71s	167.1742	0.0629	0.0421	0.9112
 30	 2.71s	167.0448	0.0633	0.0425	0.9080
 31	 2.66s	167.1341	0.0619	0.0426	0.9122
 32	 2.72s	167.0241	0.0622	0.0424	0.9068
 33	 2.72s	166.1153	0.0616	0.0423	0.9083
 34	 2.71s	166.4029	0.0640	0.0430	0.9079
 35	 2.71s	166.7327	0.0610	0.0425	0.9107
 36	 2.72s	165.5938	0.0622	0.0417	0.9119
 37	 2.69s	165.3917	0.0623	0.0427	0.9087
 38	 2.71s	164.9352	0.0622	0.0422	0.9090
 39	 2.71s	165.2338	0.0625	0.0425	0.9083
 40	 2.71s	164.9879	0.0643	0.0424	0.9116
 41	 2.62s	165.3317	0.0625	0.0424	0.9102
 42	 2.71s	165.0710	0.0632	0.0426	0.9082
 43	 2.66s	164.8954	0.0660	0.0433	0.9056
 44	 2.65s	164.2303	0.0630	0.0423	0.9086
 45	 2.68s	164.4777	0.0631	0.0425	0.9130
 46	 2.66s	164.0938	0.0611	0.0424	0.9125
 47	 2.66s	164.2036	0.0652	0.0432	0.9057
 48	 2.66s	164.1539	0.0624	0.0424	0.9072
 49	 2.67s	163.7462	0.0620	0.0436	0.9096
 50	 2.69s	163.7988	0.0669	0.0436	0.9057
 51	 2.64s	163.6961	0.0646	0.0431	0.9086
 52	 2.68s	163.3793	0.0624	0.0425	0.9129
 53	 2.69s	162.8849	0.0616	0.0431	0.9087
 54	 2.70s	163.1800	0.0635	0.0428	0.9070
 55	 2.68s	163.4275	0.0634	0.0433	0.9101
 56	 2.69s	162.6803	0.0641	0.0431	0.9081
 57	 2.69s	162.8484	0.0641	0.0427	0.9080
 58	 2.67s	162.5964	0.0631	0.0423	0.9106
 59	 2.66s	162.4172	0.0629	0.0425	0.9092
 60	 2.68s	162.4619	0.0644	0.0428	0.9100
 61	 2.64s	162.1089	0.0677	0.0442	0.9033
 62	 2.72s	162.0528	0.0643	0.0437	0.9090
 63	 2.72s	162.1245	0.0642	0.0429	0.9076
 64	 2.70s	162.2145	0.0632	0.0439	0.9091
 65	 2.68s	162.1417	0.0658	0.0453	0.9048
 66	 2.70s	162.4048	0.0632	0.0437	0.9088
 67	 2.72s	162.2645	0.0640	0.0443	0.9091
 68	 2.65s	161.9130	0.0644	0.0429	0.9091
 69	 2.65s	161.4966	0.0638	0.0428	0.9093
 70	 2.70s	162.1867	0.0624	0.0430	0.9110
 71	 2.63s	161.7830	0.0663	0.0450	0.9071
 72	 2.67s	162.0079	0.0663	0.0443	0.9041
 73	 2.66s	161.7270	0.0680	0.0466	0.9029
 74	 2.72s	161.7997	0.0654	0.0435	0.9111
 75	 2.65s	161.9746	0.0678	0.0451	0.9017
 76	 2.63s	161.6977	0.0655	0.0440	0.9095
 77	 2.70s	162.0421	0.0641	0.0430	0.9087
 78	 2.65s	161.8236	0.0673	0.0440	0.9040
 79	 2.68s	160.9198	0.0689	0.0444	0.9059
 80	 2.70s	161.4327	0.0630	0.0425	0.9096
 81	 2.64s	161.1006	0.0666	0.0438	0.9045
 82	 2.72s	160.8857	0.0625	0.0430	0.9109
 83	 2.73s	161.0714	0.0636	0.0430	0.9078
 84	 2.69s	161.4165	0.0650	0.0435	0.9067
 85	 2.70s	160.8585	0.0655	0.0435	0.9079
 86	 2.71s	160.8042	0.0644	0.0432	0.9078
 87	 2.70s	161.1424	0.0684	0.0444	0.9041
 88	 2.70s	161.0588	0.0633	0.0428	0.9071
 89	 2.69s	160.6070	0.0635	0.0437	0.9072
 90	 2.68s	161.2470	0.0643	0.0445	0.9083
 91	 2.65s	160.7179	0.0629	0.0430	0.9075
 92	 2.69s	160.4614	0.0680	0.0454	0.9045
 93	 2.66s	161.3851	0.0646	0.0439	0.9057
 94	 2.70s	160.2396	0.0663	0.0440	0.9044
 95	 2.66s	160.8133	0.0671	0.0452	0.9045
 96	 2.67s	160.4893	0.0640	0.0440	0.9082
 97	 2.64s	160.4208	0.0652	0.0447	0.9063
 98	 2.72s	160.1522	0.0669	0.0444	0.9037
 99	 2.66s	160.5043	0.0641	0.0445	0.9081
100	 2.66s	160.4534	0.0635	0.0432	0.9102
101	 2.63s	160.2310	0.0648	0.0433	0.9089
102	 2.66s	160.0614	0.0710	0.0464	0.9013
103	 2.70s	160.6480	0.0695	0.0460	0.9035
104	 2.65s	159.9819	0.0683	0.0441	0.9057
105	 2.65s	160.7498	0.0650	0.0448	0.9071
106	 2.65s	160.6172	0.0668	0.0442	0.9034
107	 2.67s	160.0367	0.0651	0.0433	0.9100
108	 2.66s	160.1012	0.0657	0.0438	0.9053
109	 2.67s	160.3976	0.0673	0.0443	0.9066
110	 2.67s	159.9859	0.0670	0.0446	0.9077
111	 2.65s	160.3752	0.0695	0.0446	0.9056
112	 2.68s	160.0252	0.0679	0.0440	0.9071
113	 2.70s	159.9634	0.0668	0.0449	0.9053
114	 2.69s	160.0580	0.0668	0.0441	0.9037
115	 2.68s	160.5466	0.0656	0.0437	0.9090
116	 2.67s	160.7359	0.0667	0.0464	0.8986
117	 2.64s	159.6549	0.0644	0.0437	0.9070
118	 2.67s	159.7400	0.0698	0.0453	0.9052
119	 2.68s	159.9961	0.0680	0.0448	0.9042
120	 2.68s	160.1220	0.0667	0.0437	0.9064
121	 2.64s	159.6450	0.0654	0.0442	0.9054
122	 2.68s	159.6603	0.0649	0.0444	0.9066
123	 2.71s	159.4973	0.0662	0.0446	0.9024
124	 2.67s	160.7485	0.0677	0.0454	0.9045
125	 2.64s	159.8485	0.0652	0.0434	0.9035
126	 2.63s	159.8181	0.0689	0.0454	0.9058
127	 2.64s	160.0069	0.0704	0.0459	0.9043
128	 2.64s	159.3351	0.0718	0.0478	0.8985
129	 2.65s	160.0423	0.0638	0.0433	0.9052
130	 2.64s	159.2748	0.0693	0.0444	0.9077
131	 2.63s	159.3007	0.0652	0.0457	0.9023
132	 2.70s	159.9959	0.0659	0.0436	0.9092
133	 2.69s	160.0790	0.0707	0.0451	0.9052
134	 2.64s	159.5429	0.0674	0.0449	0.9036
135	 2.64s	159.7315	0.0654	0.0463	0.8993
136	 2.62s	159.9998	0.0672	0.0469	0.8999
137	 2.68s	159.6983	0.0665	0.0452	0.9063
138	 2.65s	159.9717	0.0650	0.0442	0.9045
139	 2.68s	159.5584	0.0660	0.0448	0.9056
140	 2.68s	160.1345	0.0664	0.0442	0.9045
141	 2.65s	159.9448	0.0654	0.0439	0.9054
142	 2.68s	159.3576	0.0668	0.0441	0.9059
143	 2.64s	159.1531	0.0660	0.0436	0.9036
144	 2.65s	159.5393	0.0679	0.0464	0.9056
145	 2.66s	159.3305	0.0660	0.0465	0.8990
146	 2.65s	159.4428	0.0679	0.0448	0.9013
147	 2.64s	159.4029	0.0674	0.0443	0.9044
148	 2.64s	159.8228	0.0684	0.0453	0.9032
149	 2.65s	160.5638	0.0671	0.0450	0.9017
150	 2.65s	160.0078	0.0687	0.0446	0.9030
151	 2.63s	159.2990	0.0654	0.0443	0.9091
152	 2.64s	159.2748	0.0676	0.0467	0.9028
153	 2.65s	159.3823	0.0668	0.0441	0.9024
154	 2.65s	158.9281	0.0723	0.0459	0.9070
155	 2.64s	159.5061	0.0654	0.0442	0.9074
156	 2.67s	159.2217	0.0676	0.0448	0.9042
157	 2.66s	159.3410	0.0662	0.0448	0.9051
158	 2.66s	159.2393	0.0659	0.0461	0.9063
159	 2.66s	159.2064	0.0647	0.0441	0.9052
160	 2.65s	158.9788	0.0651	0.0445	0.9057
161	 2.65s	158.7024	0.0699	0.0446	0.9076
162	 2.65s	159.2275	0.0659	0.0441	0.9064
163	 2.78s	159.8133	0.0669	0.0453	0.9032
164	 2.66s	159.6238	0.0668	0.0452	0.9040
165	 2.67s	159.5195	0.0667	0.0456	0.9040
166	 2.67s	159.4452	0.0671	0.0444	0.9057
167	 2.65s	159.2057	0.0658	0.0443	0.9074
168	 2.66s	159.2395	0.0654	0.0438	0.9041
169	 2.65s	159.2558	0.0674	0.0448	0.9023
170	 2.65s	159.5885	0.0682	0.0459	0.9043
171	 2.65s	158.5470	0.0652	0.0448	0.9021
172	 2.65s	158.9840	0.0712	0.0469	0.8981
173	 2.65s	159.7400	0.0679	0.0463	0.9043
174	 2.65s	159.2466	0.0654	0.0455	0.8963
175	 2.65s	159.5789	0.0664	0.0438	0.9082
176	 2.66s	159.0950	0.0667	0.0437	0.9065
177	 2.65s	158.5714	0.0685	0.0447	0.9043
178	 2.65s	158.6165	0.0675	0.0465	0.8980
179	 2.65s	158.9345	0.0693	0.0449	0.9014
180	 2.65s	159.3783	0.0697	0.0449	0.9062
181	 2.64s	158.6095	0.0669	0.0441	0.9078
182	 2.64s	158.9593	0.0672	0.0451	0.9041
183	 2.65s	158.9416	0.0693	0.0447	0.9047
184	 2.64s	158.9258	0.0650	0.0442	0.9044
185	 2.64s	158.9406	0.0658	0.0457	0.8978
186	 2.63s	158.8785	0.0675	0.0447	0.9055
187	 2.64s	158.8054	0.0655	0.0438	0.9088
188	 2.63s	159.1436	0.0664	0.0466	0.8954
189	 2.63s	159.2677	0.0688	0.0455	0.9031
190	 2.63s	158.7832	0.0709	0.0454	0.9051
191	 2.66s	158.7507	0.0684	0.0452	0.9032
192	 2.64s	158.6860	0.0688	0.0472	0.9044
193	 2.65s	159.0363	0.0652	0.0436	0.9048
194	 2.64s	158.9400	0.0667	0.0453	0.8976
195	 2.64s	158.8449	0.0693	0.0453	0.9067
196	 2.65s	158.1480	0.0683	0.0469	0.9043
197	 2.64s	159.0291	0.0681	0.0453	0.9071
198	 2.64s	158.5812	0.0688	0.0461	0.9042
199	 2.64s	158.2994	0.0682	0.0463	0.9035
200	 2.65s	159.1042	0.0696	0.0458	0.8988
