epoch	time used	train_loss	valid rse	valid rae	valid corr
  1	 5.20s	513.1151	0.0886	0.0717	0.8334
  2	 5.17s	238.5339	0.0723	0.0551	0.8693
  3	 5.18s	205.5305	0.0689	0.0512	0.8759
  4	 5.21s	195.6636	0.0678	0.0489	0.8818
  5	 5.17s	190.4979	0.0708	0.0493	0.8867
  6	 5.17s	187.0388	0.0681	0.0478	0.8898
  7	 5.18s	185.2375	0.0660	0.0470	0.8918
  8	 5.16s	183.7603	0.0665	0.0475	0.8903
  9	 5.17s	182.9795	0.0660	0.0464	0.8932
 10	 5.19s	181.2329	0.0659	0.0462	0.8933
 11	 5.15s	180.8158	0.0670	0.0470	0.8948
 12	 5.16s	179.6520	0.0657	0.0463	0.8949
 13	 5.19s	179.2524	0.0661	0.0464	0.8938
 14	 5.17s	178.2044	0.0650	0.0457	0.8957
 15	 5.16s	177.6229	0.0668	0.0477	0.8960
 16	 5.19s	176.8664	0.0665	0.0465	0.8978
 17	 5.23s	176.2762	0.0720	0.0498	0.8951
 18	 5.19s	176.1061	0.0655	0.0464	0.8951
 19	 5.19s	175.7501	0.0678	0.0475	0.8963
 20	 5.18s	175.2733	0.0648	0.0463	0.8963
 21	 5.15s	174.5760	0.0745	0.0502	0.8980
 22	 5.20s	173.9564	0.0651	0.0457	0.8984
 23	 5.21s	173.7826	0.0673	0.0472	0.8959
 24	 5.19s	173.2586	0.0651	0.0457	0.8952
 25	 5.19s	172.3146	0.0674	0.0461	0.8971
 26	 5.17s	172.4986	0.0666	0.0461	0.8969
 27	 5.22s	171.5805	0.0678	0.0471	0.8957
 28	 5.18s	171.2080	0.0670	0.0463	0.8970
 29	 5.20s	171.3713	0.0684	0.0479	0.8982
 30	 5.20s	170.9324	0.0716	0.0479	0.8977
 31	 5.13s	170.4118	0.0678	0.0464	0.8970
 32	 5.18s	169.7515	0.0667	0.0457	0.8975
 33	 5.19s	169.9702	0.0678	0.0465	0.8975
 34	 5.22s	169.4877	0.0709	0.0471	0.8976
 35	 5.21s	169.8861	0.0723	0.0493	0.8974
 36	 5.22s	169.3565	0.0704	0.0476	0.8979
 37	 5.20s	169.8921	0.0742	0.0497	0.8982
 38	 5.19s	168.5441	0.0731	0.0483	0.8983
 39	 5.19s	169.0142	0.0679	0.0465	0.8973
 40	 5.18s	168.0318	0.0687	0.0464	0.8988
 41	 5.15s	168.1916	0.0708	0.0472	0.8975
 42	 5.20s	168.0065	0.0747	0.0482	0.8969
 43	 5.21s	167.8966	0.0693	0.0468	0.8984
 44	 5.17s	168.3828	0.0692	0.0463	0.8992
 45	 5.22s	167.5326	0.0705	0.0468	0.8983
 46	 5.20s	167.4368	0.0663	0.0463	0.8978
 47	 5.17s	168.0711	0.0692	0.0466	0.8980
 48	 5.19s	167.0174	0.0773	0.0490	0.8991
 49	 5.23s	166.7108	0.0713	0.0477	0.8968
 50	 5.20s	166.9334	0.0733	0.0479	0.8985
 51	 5.15s	166.7373	0.0711	0.0467	0.8992
 52	 5.19s	166.8218	0.0674	0.0458	0.8992
 53	 5.20s	166.2003	0.0799	0.0495	0.8990
 54	 5.18s	165.9298	0.0808	0.0499	0.8981
 55	 5.20s	165.9187	0.0704	0.0472	0.8993
 56	 5.18s	165.1002	0.0681	0.0473	0.8978
 57	 5.13s	165.3528	0.0733	0.0487	0.8978
 58	 5.19s	165.1116	0.0711	0.0477	0.8982
 59	 5.18s	165.0170	0.0737	0.0482	0.8990
 60	 5.17s	164.6301	0.0710	0.0485	0.8968
 61	 5.18s	165.0813	0.0783	0.0505	0.8988
 62	 5.18s	165.1969	0.0778	0.0490	0.8987
 63	 5.17s	164.5030	0.0718	0.0472	0.8991
 64	 5.17s	165.2366	0.0776	0.0485	0.8990
 65	 5.16s	164.4050	0.0720	0.0472	0.8987
 66	 5.17s	164.3931	0.0682	0.0462	0.9002
 67	 5.18s	164.1576	0.0755	0.0482	0.8983
 68	 5.19s	163.6753	0.0708	0.0468	0.8980
 69	 5.19s	164.5778	0.0725	0.0505	0.8992
 70	 5.15s	163.7925	0.0717	0.0487	0.8973
 71	 5.13s	164.4046	0.0735	0.0491	0.8990
 72	 5.20s	163.3830	0.0755	0.0483	0.8996
 73	 5.18s	163.3329	0.0726	0.0492	0.8988
 74	 5.20s	163.1471	0.0827	0.0509	0.9003
 75	 5.16s	163.1101	0.0727	0.0475	0.8993
 76	 5.13s	162.9158	0.0776	0.0510	0.8991
 77	 5.18s	163.2188	0.0748	0.0486	0.8975
 78	 5.16s	162.6791	0.0796	0.0500	0.8985
 79	 5.14s	162.4659	0.0760	0.0489	0.8995
 80	 5.16s	162.9201	0.0755	0.0489	0.8981
 81	 5.15s	162.7617	0.0772	0.0499	0.8982
 82	 5.17s	162.5216	0.0719	0.0485	0.8990
 83	 5.18s	162.6234	0.0730	0.0487	0.8996
 84	 5.18s	162.1259	0.0773	0.0525	0.8983
 85	 5.21s	163.1593	0.0721	0.0484	0.8968
 86	 5.17s	162.8882	0.0782	0.0511	0.8969
 87	 5.20s	162.7920	0.0773	0.0494	0.8987
 88	 5.18s	162.2032	0.0774	0.0489	0.8989
 89	 5.17s	162.2018	0.0730	0.0487	0.8993
 90	 5.16s	162.2900	0.0796	0.0513	0.8984
 91	 5.15s	161.7169	0.0758	0.0487	0.8992
 92	 5.17s	161.3669	0.0770	0.0483	0.8985
 93	 5.18s	161.6708	0.0722	0.0474	0.8989
 94	 5.16s	161.4381	0.0687	0.0471	0.8992
 95	 5.18s	161.9382	0.0759	0.0486	0.8996
 96	 5.18s	161.5346	0.0795	0.0511	0.8965
 97	 5.18s	161.5228	0.0762	0.0520	0.8980
 98	 5.17s	161.2452	0.0709	0.0470	0.8993
 99	 5.17s	161.1470	0.0734	0.0483	0.9000
100	 5.21s	161.6140	0.0786	0.0487	0.8981
101	 5.15s	160.6808	0.0761	0.0488	0.8991
102	 5.17s	160.8703	0.0770	0.0523	0.8993
103	 5.18s	160.5606	0.0786	0.0488	0.9000
104	 5.17s	160.9579	0.0845	0.0532	0.8976
105	 5.16s	160.6543	0.0731	0.0482	0.8974
106	 5.19s	160.7403	0.0711	0.0471	0.8972
107	 5.17s	160.6510	0.0771	0.0495	0.8991
108	 5.13s	160.3584	0.0756	0.0495	0.8977
109	 5.14s	160.4977	0.0755	0.0486	0.8980
110	 5.18s	160.0980	0.0742	0.0493	0.8993
111	 5.16s	160.3750	0.0770	0.0517	0.8983
112	 5.22s	160.3148	0.0726	0.0475	0.8980
113	 5.17s	159.8550	0.0811	0.0518	0.8986
114	 5.15s	159.9115	0.0729	0.0481	0.8999
115	 5.16s	160.1546	0.0732	0.0484	0.8972
116	 5.17s	159.1152	0.0747	0.0490	0.8976
117	 5.20s	160.0714	0.0852	0.0534	0.8991
118	 5.16s	159.4955	0.0865	0.0535	0.8986
119	 5.20s	159.9557	0.0753	0.0492	0.8983
120	 5.18s	160.2310	0.0751	0.0492	0.8988
121	 5.15s	159.7981	0.0810	0.0508	0.8972
122	 5.16s	160.5645	0.0780	0.0498	0.8968
123	 5.19s	159.3330	0.0785	0.0505	0.8989
124	 5.19s	159.1906	0.0781	0.0501	0.8976
125	 5.22s	159.6567	0.0733	0.0478	0.8981
126	 5.18s	159.2778	0.0832	0.0515	0.8981
127	 5.16s	159.9881	0.0781	0.0498	0.8984
128	 5.16s	158.7228	0.0728	0.0488	0.8983
129	 5.18s	159.2025	0.0763	0.0506	0.8976
130	 5.17s	158.8654	0.0774	0.0495	0.8974
131	 5.17s	159.2725	0.0727	0.0481	0.8981
132	 5.17s	158.7959	0.0783	0.0496	0.8982
133	 5.14s	158.7562	0.0773	0.0488	0.8990
134	 5.17s	159.1104	0.0765	0.0501	0.8986
135	 5.16s	158.5462	0.0715	0.0478	0.8992
136	 5.16s	158.7784	0.0746	0.0481	0.8986
137	 5.16s	158.4778	0.0761	0.0486	0.8983
138	 5.18s	158.5257	0.0737	0.0483	0.8985
139	 5.15s	158.5797	0.0797	0.0509	0.8984
140	 5.14s	157.6962	0.0740	0.0482	0.8986
141	 5.13s	158.7355	0.0791	0.0518	0.8975
142	 5.16s	158.3062	0.0766	0.0498	0.8967
143	 5.17s	158.3635	0.0761	0.0497	0.8988
144	 5.18s	158.3236	0.0836	0.0523	0.8992
145	 5.16s	158.0996	0.0800	0.0495	0.8994
146	 5.16s	157.9458	0.0783	0.0523	0.8975
147	 5.18s	158.6151	0.0797	0.0511	0.8975
148	 5.16s	158.8621	0.0763	0.0494	0.8991
149	 5.17s	157.7167	0.0786	0.0512	0.8989
150	 5.17s	157.7885	0.0784	0.0507	0.8977
151	 5.14s	157.9505	0.0782	0.0513	0.8987
152	 5.14s	157.3984	0.0764	0.0496	0.8983
153	 5.16s	157.6233	0.0746	0.0487	0.8977
154	 5.15s	157.7274	0.0746	0.0499	0.8973
155	 5.16s	157.6644	0.0799	0.0519	0.8984
156	 5.15s	157.0975	0.0778	0.0512	0.8990
157	 5.17s	156.9433	0.0773	0.0495	0.8971
158	 5.15s	157.5439	0.0781	0.0496	0.8983
159	 5.16s	157.3831	0.0788	0.0517	0.8976
160	 5.18s	156.9096	0.0772	0.0497	0.8987
161	 5.14s	157.3353	0.0863	0.0544	0.8989
162	 5.17s	157.2881	0.0793	0.0511	0.8954
163	 5.20s	157.6740	0.0768	0.0493	0.8972
164	 5.15s	157.2664	0.0755	0.0493	0.8977
165	 5.15s	156.8175	0.0802	0.0504	0.8978
166	 5.19s	157.6725	0.0751	0.0499	0.8966
167	 5.16s	157.1274	0.0780	0.0496	0.8969
168	 5.16s	157.4876	0.0811	0.0520	0.8983
169	 5.16s	157.3602	0.0784	0.0508	0.8969
170	 5.19s	157.0559	0.0773	0.0505	0.8974
171	 5.14s	157.3912	0.0812	0.0503	0.8974
172	 5.17s	157.1212	0.0753	0.0513	0.8965
173	 5.15s	156.6564	0.0758	0.0493	0.8956
174	 5.16s	156.6953	0.0748	0.0492	0.8975
175	 5.16s	157.1000	0.0759	0.0497	0.8977
176	 5.17s	156.5955	0.0783	0.0492	0.8975
177	 5.17s	156.9746	0.0757	0.0499	0.8988
178	 5.12s	156.2319	0.0803	0.0509	0.8973
179	 5.17s	156.8237	0.0743	0.0476	0.8985
180	 5.14s	156.9630	0.0832	0.0518	0.8984
181	 5.15s	156.8260	0.0776	0.0491	0.8997
182	 5.19s	155.9070	0.0775	0.0504	0.8991
183	 5.16s	156.4185	0.0794	0.0516	0.8982
184	 5.13s	156.4364	0.0765	0.0496	0.8979
185	 5.16s	156.0149	0.0733	0.0479	0.8976
186	 5.16s	156.1619	0.0749	0.0492	0.8963
187	 5.16s	156.8775	0.0835	0.0514	0.8965
188	 5.18s	156.5540	0.0765	0.0502	0.8966
189	 5.19s	156.5971	0.0710	0.0473	0.8973
190	 5.15s	156.4220	0.0786	0.0507	0.8968
191	 5.14s	155.6148	0.0772	0.0501	0.8982
192	 5.15s	156.4450	0.0751	0.0491	0.8975
193	 5.15s	156.6053	0.0756	0.0488	0.8968
194	 5.19s	156.3503	0.0795	0.0516	0.8967
195	 5.20s	155.5265	0.0766	0.0491	0.8987
196	 5.16s	155.5156	0.0789	0.0497	0.8983
197	 5.13s	156.5111	0.0771	0.0498	0.8977
198	 5.14s	156.5471	0.0777	0.0506	0.8975
199	 5.15s	156.1858	0.0786	0.0503	0.8960
200	 5.16s	155.8822	0.0785	0.0511	0.8975
