epoch	time used	train_loss	valid rse	valid rae	valid corr
  1	 3.50s	3.0150	0.4857	0.3340	0.9084
  2	 3.49s	2.3211	0.4661	0.3080	0.9155
  3	 3.49s	2.0784	0.4629	0.3007	0.9188
  4	 3.46s	1.9761	0.4536	0.2906	0.9213
  5	 3.50s	1.9274	0.4493	0.2828	0.9240
  6	 3.49s	1.8722	0.4401	0.2800	0.9256
  7	 3.49s	1.8457	0.4482	0.2793	0.9268
  8	 3.54s	1.8124	0.4378	0.2761	0.9266
  9	 3.48s	1.7915	0.4334	0.2758	0.9280
 10	 3.50s	1.7813	0.4347	0.2697	0.9284
 11	 3.46s	1.7498	0.4326	0.2737	0.9278
 12	 3.51s	1.7364	0.4314	0.2719	0.9292
 13	 3.49s	1.7212	0.4300	0.2685	0.9293
 14	 3.49s	1.7276	0.4291	0.2614	0.9299
 15	 3.50s	1.7048	0.4266	0.2633	0.9304
 16	 3.52s	1.7035	0.4309	0.2636	0.9300
 17	 3.46s	1.6938	0.4327	0.2720	0.9299
 18	 3.52s	1.6886	0.4291	0.2619	0.9303
 19	 3.50s	1.6788	0.4263	0.2607	0.9302
 20	 3.49s	1.6674	0.4286	0.2657	0.9294
 21	 3.46s	1.6802	0.4251	0.2639	0.9303
 22	 3.50s	1.6625	0.4274	0.2653	0.9300
 23	 3.48s	1.6495	0.4270	0.2659	0.9297
 24	 3.51s	1.6520	0.4266	0.2624	0.9300
 25	 3.51s	1.6467	0.4234	0.2596	0.9310
 26	 3.50s	1.6300	0.4220	0.2571	0.9316
 27	 3.51s	1.6225	0.4221	0.2607	0.9311
 28	 3.49s	1.6264	0.4251	0.2640	0.9308
 29	 3.50s	1.6215	0.4267	0.2588	0.9313
 30	 3.49s	1.6152	0.4235	0.2596	0.9316
 31	 3.48s	1.6104	0.4247	0.2629	0.9306
 32	 3.50s	1.6383	0.4317	0.2704	0.9292
 33	 3.50s	1.6082	0.4312	0.2686	0.9292
 34	 3.50s	1.6039	0.4298	0.2671	0.9285
 35	 3.49s	1.6130	0.4315	0.2707	0.9310
 36	 3.49s	1.6045	0.4268	0.2597	0.9316
 37	 3.50s	1.6027	0.4230	0.2574	0.9311
 38	 3.50s	1.5969	0.4275	0.2592	0.9318
 39	 3.50s	1.5879	0.4234	0.2672	0.9312
 40	 3.50s	1.5916	0.4279	0.2614	0.9309
 41	 3.45s	1.5860	0.4310	0.2633	0.9303
 42	 3.48s	1.5867	0.4207	0.2583	0.9317
 43	 3.51s	1.5841	0.4215	0.2548	0.9319
 44	 3.51s	1.5829	0.4282	0.2625	0.9301
 45	 3.48s	1.5741	0.4242	0.2555	0.9312
 46	 3.52s	1.5720	0.4289	0.2645	0.9300
 47	 3.49s	1.5786	0.4243	0.2576	0.9316
 48	 3.50s	1.5689	0.4183	0.2576	0.9320
 49	 3.48s	1.5560	0.4207	0.2554	0.9322
 50	 3.51s	1.5585	0.4277	0.2620	0.9319
 51	 3.47s	1.5649	0.4222	0.2593	0.9311
 52	 3.51s	1.5541	0.4227	0.2554	0.9317
 53	 3.49s	1.5447	0.4203	0.2574	0.9314
 54	 3.50s	1.5546	0.4219	0.2576	0.9310
 55	 3.49s	1.5526	0.4249	0.2643	0.9311
 56	 3.50s	1.5493	0.4230	0.2601	0.9315
 57	 3.48s	1.5451	0.4250	0.2562	0.9318
 58	 3.50s	1.5396	0.4263	0.2581	0.9312
 59	 3.49s	1.5456	0.4228	0.2548	0.9318
 60	 3.48s	1.5461	0.4207	0.2643	0.9313
 61	 3.45s	1.5350	0.4208	0.2602	0.9312
 62	 3.50s	1.5361	0.4235	0.2565	0.9313
 63	 3.49s	1.5248	0.4188	0.2572	0.9319
 64	 3.50s	1.5285	0.4288	0.2574	0.9314
 65	 3.49s	1.5254	0.4225	0.2610	0.9308
 66	 3.48s	1.5257	0.4229	0.2581	0.9312
 67	 3.50s	1.5391	0.4246	0.2573	0.9313
 68	 3.46s	1.5256	0.4250	0.2609	0.9310
 69	 3.49s	1.5352	0.4248	0.2575	0.9314
 70	 3.51s	1.5230	0.4236	0.2580	0.9321
 71	 3.47s	1.5213	0.4253	0.2564	0.9311
 72	 3.50s	1.5200	0.4249	0.2581	0.9315
 73	 3.48s	1.5115	0.4235	0.2596	0.9302
 74	 3.49s	1.5226	0.4210	0.2610	0.9308
 75	 3.50s	1.5102	0.4203	0.2567	0.9317
 76	 3.51s	1.5187	0.4220	0.2566	0.9313
 77	 3.49s	1.5244	0.4250	0.2575	0.9313
 78	 3.51s	1.5132	0.4253	0.2573	0.9306
 79	 3.48s	1.5197	0.4251	0.2584	0.9307
 80	 3.50s	1.5075	0.4236	0.2564	0.9313
 81	 3.48s	1.5028	0.4261	0.2597	0.9302
 82	 3.50s	1.5060	0.4300	0.2598	0.9311
 83	 3.49s	1.5146	0.4264	0.2577	0.9308
 84	 3.50s	1.5064	0.4248	0.2593	0.9310
 85	 3.50s	1.5085	0.4223	0.2597	0.9304
 86	 3.48s	1.5082	0.4227	0.2588	0.9308
 87	 3.46s	1.5002	0.4261	0.2593	0.9311
 88	 3.47s	1.5042	0.4326	0.2621	0.9298
 89	 3.51s	1.5041	0.4275	0.2569	0.9309
 90	 3.49s	1.4983	0.4237	0.2584	0.9305
 91	 3.45s	1.4971	0.4233	0.2590	0.9310
 92	 3.51s	1.5016	0.4205	0.2560	0.9316
 93	 3.48s	1.4939	0.4242	0.2594	0.9308
 94	 3.49s	1.5011	0.4273	0.2608	0.9298
 95	 3.50s	1.4915	0.4244	0.2574	0.9302
 96	 3.48s	1.4883	0.4241	0.2574	0.9308
 97	 3.51s	1.4928	0.4321	0.2622	0.9297
 98	 3.49s	1.4852	0.4248	0.2573	0.9311
 99	 3.48s	1.4865	0.4328	0.2643	0.9297
100	 3.47s	1.4946	0.4238	0.2574	0.9309
101	 3.47s	1.4955	0.4257	0.2607	0.9308
102	 3.50s	1.4812	0.4342	0.2657	0.9292
103	 3.50s	1.4847	0.4217	0.2581	0.9312
104	 3.49s	1.4786	0.4248	0.2576	0.9310
105	 3.49s	1.4811	0.4311	0.2615	0.9299
106	 3.48s	1.4855	0.4277	0.2606	0.9297
107	 3.48s	1.4791	0.4226	0.2583	0.9308
108	 3.52s	1.4822	0.4273	0.2584	0.9300
109	 3.49s	1.4807	0.4270	0.2613	0.9299
110	 3.50s	1.4795	0.4297	0.2625	0.9300
111	 3.48s	1.4846	0.4362	0.2661	0.9289
112	 3.47s	1.4820	0.4305	0.2641	0.9300
113	 3.48s	1.4771	0.4282	0.2594	0.9304
114	 3.51s	1.4866	0.4229	0.2619	0.9303
115	 3.48s	1.4776	0.4258	0.2601	0.9299
116	 3.50s	1.4782	0.4286	0.2602	0.9298
117	 3.47s	1.4736	0.4290	0.2628	0.9290
118	 3.49s	1.4753	0.4247	0.2599	0.9302
119	 3.48s	1.4661	0.4266	0.2599	0.9300
120	 3.50s	1.4729	0.4293	0.2612	0.9294
121	 3.47s	1.4698	0.4277	0.2604	0.9300
122	 3.50s	1.4629	0.4278	0.2621	0.9295
123	 3.48s	1.4615	0.4301	0.2590	0.9295
124	 3.50s	1.4616	0.4256	0.2579	0.9302
125	 3.45s	1.4641	0.4276	0.2569	0.9300
126	 3.48s	1.4615	0.4243	0.2593	0.9296
127	 3.47s	1.4747	0.4290	0.2611	0.9295
128	 3.47s	1.4620	0.4339	0.2615	0.9297
129	 3.49s	1.4638	0.4263	0.2593	0.9303
130	 3.48s	1.4712	0.4281	0.2606	0.9300
131	 3.44s	1.4652	0.4293	0.2624	0.9296
132	 3.48s	1.4615	0.4324	0.2656	0.9291
133	 3.48s	1.4628	0.4300	0.2599	0.9295
134	 3.49s	1.4705	0.4253	0.2586	0.9302
135	 3.49s	1.4620	0.4260	0.2609	0.9300
136	 3.48s	1.4619	0.4224	0.2641	0.9305
137	 3.50s	1.4734	0.4251	0.2575	0.9299
138	 3.47s	1.4524	0.4322	0.2626	0.9289
139	 3.48s	1.4605	0.4267	0.2587	0.9302
140	 3.49s	1.4581	0.4346	0.2674	0.9281
141	 3.48s	1.4665	0.4293	0.2612	0.9293
142	 3.47s	1.4571	0.4289	0.2611	0.9301
143	 3.49s	1.4566	0.4260	0.2591	0.9301
144	 3.47s	1.4565	0.4332	0.2640	0.9306
145	 3.48s	1.4558	0.4301	0.2612	0.9294
146	 3.45s	1.4591	0.4276	0.2601	0.9296
147	 3.47s	1.4523	0.4292	0.2647	0.9290
148	 3.49s	1.4644	0.4335	0.2681	0.9281
149	 3.48s	1.4562	0.4352	0.2656	0.9295
150	 3.48s	1.4550	0.4303	0.2619	0.9298
151	 3.46s	1.4548	0.4387	0.2682	0.9294
152	 3.48s	1.4543	0.4281	0.2608	0.9294
153	 3.47s	1.4591	0.4266	0.2606	0.9297
154	 3.49s	1.4497	0.4362	0.2690	0.9288
155	 3.48s	1.4597	0.4240	0.2585	0.9300
156	 3.50s	1.4452	0.4267	0.2598	0.9297
157	 3.46s	1.4545	0.4369	0.2670	0.9277
158	 3.48s	1.4516	0.4268	0.2588	0.9297
159	 3.47s	1.4488	0.4254	0.2610	0.9294
160	 3.47s	1.4442	0.4271	0.2655	0.9292
161	 3.46s	1.4481	0.4281	0.2608	0.9298
162	 3.49s	1.4504	0.4308	0.2637	0.9289
163	 3.47s	1.4591	0.4273	0.2598	0.9296
164	 3.52s	1.4471	0.4327	0.2629	0.9292
165	 3.47s	1.4374	0.4327	0.2630	0.9291
166	 3.48s	1.4467	0.4268	0.2596	0.9293
167	 3.48s	1.4374	0.4287	0.2610	0.9290
168	 3.47s	1.4377	0.4268	0.2589	0.9297
169	 3.48s	1.4348	0.4269	0.2599	0.9292
170	 3.46s	1.4424	0.4306	0.2628	0.9290
171	 3.48s	1.4418	0.4306	0.2647	0.9288
172	 3.46s	1.4491	0.4280	0.2613	0.9298
173	 3.47s	1.4319	0.4297	0.2610	0.9293
174	 3.46s	1.4427	0.4310	0.2603	0.9294
175	 3.46s	1.4378	0.4278	0.2595	0.9296
176	 3.44s	1.4430	0.4293	0.2610	0.9296
177	 3.50s	1.4358	0.4286	0.2654	0.9285
178	 3.46s	1.4451	0.4256	0.2585	0.9301
179	 3.47s	1.4497	0.4314	0.2630	0.9294
180	 3.47s	1.4455	0.4269	0.2617	0.9297
181	 3.46s	1.4410	0.4324	0.2638	0.9288
182	 3.46s	1.4342	0.4300	0.2647	0.9290
183	 3.48s	1.4368	0.4290	0.2622	0.9291
184	 3.48s	1.4408	0.4260	0.2601	0.9297
185	 3.47s	1.4349	0.4314	0.2624	0.9289
186	 3.47s	1.4363	0.4287	0.2611	0.9291
187	 3.46s	1.4494	0.4332	0.2644	0.9284
188	 3.47s	1.4382	0.4313	0.2614	0.9294
189	 3.45s	1.4451	0.4292	0.2732	0.9288
190	 3.48s	1.4335	0.4283	0.2607	0.9290
191	 3.46s	1.4301	0.4303	0.2619	0.9289
192	 3.48s	1.4322	0.4309	0.2639	0.9293
193	 3.47s	1.4369	0.4291	0.2599	0.9297
194	 3.49s	1.4378	0.4270	0.2601	0.9293
195	 3.45s	1.4322	0.4253	0.2577	0.9300
196	 3.47s	1.4310	0.4297	0.2635	0.9293
197	 3.47s	1.4346	0.4310	0.2608	0.9291
198	 3.47s	1.4351	0.4282	0.2609	0.9294
199	 3.47s	1.4335	0.4259	0.2607	0.9293
200	 3.45s	1.4219	0.4356	0.2652	0.9291
