epoch	time used	train_loss	valid rse	valid rae	valid corr
  1	 3.45s	0.0392	0.7360	0.5625	0.7445
  2	 3.37s	0.0191	0.6419	0.5002	0.8120
  3	 3.36s	0.0165	0.5445	0.3954	0.8267
  4	 3.34s	0.0154	0.5419	0.3782	0.8381
  5	 3.37s	0.0146	0.5266	0.3677	0.8417
  6	 3.39s	0.0141	0.5166	0.3684	0.8464
  7	 3.36s	0.0137	0.5160	0.3544	0.8488
  8	 3.36s	0.0132	0.5220	0.3606	0.8524
  9	 3.37s	0.0131	0.5078	0.3415	0.8548
 10	 3.35s	0.0128	0.5241	0.3658	0.8533
 11	 3.33s	0.0126	0.4937	0.3350	0.8589
 12	 3.36s	0.0125	0.4995	0.3377	0.8589
 13	 3.36s	0.0123	0.4960	0.3305	0.8607
 14	 3.38s	0.0122	0.4982	0.3307	0.8622
 15	 3.37s	0.0121	0.5079	0.3464	0.8616
 16	 3.37s	0.0119	0.4931	0.3268	0.8622
 17	 3.35s	0.0118	0.5185	0.3548	0.8628
 18	 3.38s	0.0117	0.4902	0.3316	0.8607
 19	 3.35s	0.0116	0.4844	0.3243	0.8635
 20	 3.35s	0.0114	0.4866	0.3259	0.8639
 21	 3.33s	0.0114	0.5045	0.3426	0.8634
 22	 3.36s	0.0112	0.4915	0.3268	0.8658
 23	 3.37s	0.0111	0.4821	0.3225	0.8639
 24	 3.36s	0.0111	0.4763	0.3189	0.8661
 25	 3.36s	0.0110	0.4785	0.3150	0.8665
 26	 3.38s	0.0109	0.4885	0.3219	0.8635
 27	 3.36s	0.0108	0.4875	0.3255	0.8660
 28	 3.35s	0.0107	0.4911	0.3248	0.8655
 29	 3.36s	0.0107	0.4835	0.3168	0.8673
 30	 3.36s	0.0106	0.4737	0.3177	0.8675
 31	 3.32s	0.0105	0.4823	0.3229	0.8695
 32	 3.36s	0.0104	0.4809	0.3161	0.8677
 33	 3.36s	0.0104	0.4819	0.3153	0.8695
 34	 3.36s	0.0104	0.4801	0.3146	0.8697
 35	 3.37s	0.0103	0.4811	0.3144	0.8687
 36	 3.36s	0.0102	0.4810	0.3157	0.8703
 37	 3.36s	0.0102	0.4767	0.3125	0.8681
 38	 3.36s	0.0101	0.4691	0.3042	0.8714
 39	 3.36s	0.0100	0.4831	0.3213	0.8695
 40	 3.36s	0.0101	0.4788	0.3115	0.8708
 41	 3.33s	0.0099	0.4729	0.3086	0.8703
 42	 3.36s	0.0099	0.4803	0.3156	0.8691
 43	 3.36s	0.0099	0.4818	0.3142	0.8679
 44	 3.37s	0.0099	0.4783	0.3157	0.8696
 45	 3.36s	0.0098	0.4759	0.3084	0.8702
 46	 3.36s	0.0097	0.4797	0.3143	0.8705
 47	 3.37s	0.0097	0.4766	0.3103	0.8712
 48	 3.36s	0.0097	0.4751	0.3117	0.8692
 49	 3.36s	0.0097	0.4711	0.3074	0.8702
 50	 3.35s	0.0097	0.4888	0.3267	0.8686
 51	 3.33s	0.0096	0.4798	0.3168	0.8700
 52	 3.37s	0.0096	0.4708	0.3073	0.8725
 53	 3.37s	0.0096	0.4836	0.3206	0.8707
 54	 3.36s	0.0096	0.4743	0.3090	0.8701
 55	 3.37s	0.0095	0.4686	0.3028	0.8714
 56	 3.36s	0.0095	0.4794	0.3150	0.8720
 57	 3.36s	0.0095	0.4751	0.3084	0.8715
 58	 3.36s	0.0095	0.4851	0.3202	0.8689
 59	 3.43s	0.0095	0.4754	0.3109	0.8701
 60	 3.36s	0.0094	0.4767	0.3108	0.8705
 61	 3.39s	0.0094	0.4639	0.2995	0.8744
 62	 3.36s	0.0094	0.4770	0.3080	0.8713
 63	 3.36s	0.0094	0.4710	0.3032	0.8731
 64	 3.35s	0.0094	0.4650	0.3017	0.8737
 65	 3.36s	0.0094	0.4765	0.3111	0.8726
 66	 3.36s	0.0094	0.4699	0.3074	0.8719
 67	 3.36s	0.0094	0.4775	0.3113	0.8704
 68	 3.36s	0.0094	0.4777	0.3127	0.8719
 69	 3.35s	0.0093	0.4749	0.3106	0.8738
 70	 3.37s	0.0093	0.4751	0.3110	0.8708
 71	 3.33s	0.0093	0.4639	0.2988	0.8744
 72	 3.37s	0.0093	0.4753	0.3133	0.8715
 73	 3.37s	0.0093	0.4783	0.3124	0.8725
 74	 3.36s	0.0093	0.4727	0.3063	0.8729
 75	 3.35s	0.0093	0.4700	0.3050	0.8734
 76	 3.35s	0.0093	0.4659	0.3005	0.8725
 77	 3.36s	0.0092	0.4783	0.3179	0.8700
 78	 3.36s	0.0093	0.4790	0.3156	0.8736
 79	 3.36s	0.0092	0.4718	0.3049	0.8720
 80	 3.36s	0.0092	0.4685	0.3002	0.8728
 81	 3.33s	0.0092	0.4779	0.3131	0.8708
 82	 3.35s	0.0092	0.4589	0.2952	0.8748
 83	 3.35s	0.0092	0.4638	0.2972	0.8750
 84	 3.35s	0.0092	0.4701	0.3057	0.8735
 85	 3.36s	0.0092	0.4684	0.3024	0.8723
 86	 3.36s	0.0092	0.4724	0.3065	0.8727
 87	 3.36s	0.0092	0.4683	0.3043	0.8712
 88	 3.36s	0.0092	0.4761	0.3119	0.8734
 89	 3.37s	0.0092	0.4699	0.3048	0.8740
 90	 3.35s	0.0092	0.4693	0.3057	0.8723
 91	 3.33s	0.0091	0.4733	0.3106	0.8728
 92	 3.36s	0.0092	0.4772	0.3137	0.8726
 93	 3.36s	0.0092	0.4658	0.3010	0.8734
 94	 3.34s	0.0091	0.4698	0.3061	0.8723
 95	 3.36s	0.0091	0.4653	0.3000	0.8734
 96	 3.36s	0.0091	0.4704	0.3069	0.8721
 97	 3.36s	0.0091	0.4652	0.3006	0.8739
 98	 3.36s	0.0091	0.4652	0.3033	0.8738
 99	 3.38s	0.0091	0.4644	0.2997	0.8725
100	 3.36s	0.0091	0.4680	0.3028	0.8723
101	 3.33s	0.0091	0.4599	0.2956	0.8739
102	 3.35s	0.0091	0.4697	0.3047	0.8717
103	 3.35s	0.0091	0.4655	0.2991	0.8744
104	 3.36s	0.0091	0.4599	0.2976	0.8747
105	 3.34s	0.0091	0.4602	0.2966	0.8749
106	 3.37s	0.0091	0.4645	0.2995	0.8738
107	 3.36s	0.0091	0.4700	0.3093	0.8729
108	 3.36s	0.0091	0.4712	0.3062	0.8716
109	 3.36s	0.0091	0.4660	0.3009	0.8722
110	 3.36s	0.0091	0.4721	0.3073	0.8709
111	 3.33s	0.0091	0.4650	0.3007	0.8727
112	 3.37s	0.0091	0.4654	0.3012	0.8712
113	 3.36s	0.0091	0.4632	0.2971	0.8735
114	 3.35s	0.0091	0.4657	0.3005	0.8729
115	 3.38s	0.0091	0.4643	0.3002	0.8727
116	 3.36s	0.0091	0.4612	0.2968	0.8741
117	 3.37s	0.0090	0.4686	0.3046	0.8732
118	 3.37s	0.0091	0.4658	0.2997	0.8734
119	 3.36s	0.0091	0.4736	0.3083	0.8696
120	 3.35s	0.0091	0.4657	0.3008	0.8734
121	 3.33s	0.0090	0.4728	0.3084	0.8718
122	 3.35s	0.0091	0.4585	0.2958	0.8746
123	 3.35s	0.0091	0.4628	0.2987	0.8732
124	 3.34s	0.0091	0.4703	0.3083	0.8703
125	 3.37s	0.0090	0.4633	0.2989	0.8728
126	 3.35s	0.0091	0.4636	0.2992	0.8735
127	 3.36s	0.0091	0.4740	0.3102	0.8724
128	 3.37s	0.0090	0.4696	0.3060	0.8728
129	 3.34s	0.0090	0.4727	0.3087	0.8722
130	 3.36s	0.0090	0.4730	0.3064	0.8716
131	 3.32s	0.0090	0.4610	0.2972	0.8740
132	 3.38s	0.0090	0.4684	0.3038	0.8733
133	 3.36s	0.0090	0.4675	0.3060	0.8716
134	 3.34s	0.0090	0.4690	0.3055	0.8716
135	 3.36s	0.0090	0.4668	0.3041	0.8726
136	 3.36s	0.0090	0.4672	0.3033	0.8725
137	 3.35s	0.0090	0.4670	0.3028	0.8729
138	 3.36s	0.0090	0.4655	0.2987	0.8731
139	 3.36s	0.0090	0.4695	0.3043	0.8729
140	 3.36s	0.0090	0.4616	0.2973	0.8728
141	 3.34s	0.0090	0.4621	0.2987	0.8723
142	 3.35s	0.0090	0.4678	0.3025	0.8730
143	 3.35s	0.0090	0.4625	0.2977	0.8733
144	 3.35s	0.0090	0.4663	0.3058	0.8725
145	 3.34s	0.0090	0.4667	0.3027	0.8728
146	 3.35s	0.0090	0.4641	0.2994	0.8735
147	 3.36s	0.0090	0.4667	0.3015	0.8717
148	 3.37s	0.0090	0.4686	0.3051	0.8716
149	 3.35s	0.0090	0.4632	0.2981	0.8737
150	 3.36s	0.0090	0.4657	0.3016	0.8722
151	 3.33s	0.0090	0.4670	0.3019	0.8732
152	 3.34s	0.0090	0.4613	0.2990	0.8731
153	 3.34s	0.0090	0.4663	0.3010	0.8723
154	 3.35s	0.0090	0.4633	0.3005	0.8724
155	 3.35s	0.0090	0.4621	0.2973	0.8737
156	 3.36s	0.0090	0.4678	0.3015	0.8711
157	 3.35s	0.0090	0.4621	0.2992	0.8725
158	 3.35s	0.0090	0.4669	0.3022	0.8723
159	 3.35s	0.0090	0.4675	0.3017	0.8714
160	 3.36s	0.0090	0.4639	0.2990	0.8724
161	 3.33s	0.0090	0.4687	0.3082	0.8702
162	 3.35s	0.0090	0.4689	0.3052	0.8714
163	 3.35s	0.0090	0.4717	0.3063	0.8714
164	 3.36s	0.0090	0.4749	0.3088	0.8717
165	 3.35s	0.0090	0.4591	0.2950	0.8730
166	 3.35s	0.0089	0.4633	0.2990	0.8718
167	 3.35s	0.0089	0.4614	0.2982	0.8722
168	 3.34s	0.0089	0.4616	0.2997	0.8716
169	 3.34s	0.0089	0.4649	0.3005	0.8723
170	 3.35s	0.0090	0.4625	0.3011	0.8722
171	 3.33s	0.0090	0.4595	0.2964	0.8732
172	 3.34s	0.0089	0.4646	0.3000	0.8706
173	 3.35s	0.0090	0.4746	0.3087	0.8706
174	 3.34s	0.0089	0.4734	0.3104	0.8695
175	 3.34s	0.0089	0.4648	0.3033	0.8713
176	 3.34s	0.0090	0.4651	0.3033	0.8716
177	 3.33s	0.0089	0.4680	0.3051	0.8710
178	 3.34s	0.0089	0.4655	0.3041	0.8715
179	 3.34s	0.0090	0.4593	0.2980	0.8722
180	 3.35s	0.0090	0.4611	0.2968	0.8721
181	 3.33s	0.0089	0.4667	0.3014	0.8711
182	 3.34s	0.0090	0.4686	0.3073	0.8713
183	 3.34s	0.0090	0.4677	0.3047	0.8724
184	 3.41s	0.0090	0.4665	0.3043	0.8725
185	 3.34s	0.0089	0.4712	0.3104	0.8710
186	 3.34s	0.0090	0.4621	0.2979	0.8725
187	 3.35s	0.0089	0.4657	0.3025	0.8726
188	 3.35s	0.0089	0.4704	0.3039	0.8708
189	 3.34s	0.0089	0.4638	0.3030	0.8710
190	 3.35s	0.0089	0.4668	0.3013	0.8717
191	 3.35s	0.0089	0.4665	0.3033	0.8713
192	 3.38s	0.0089	0.4639	0.3006	0.8708
193	 3.34s	0.0089	0.4705	0.3046	0.8716
194	 3.34s	0.0089	0.4651	0.3021	0.8722
195	 3.33s	0.0089	0.4651	0.3001	0.8722
196	 3.35s	0.0089	0.4659	0.3023	0.8719
197	 3.34s	0.0089	0.4613	0.2968	0.8735
198	 3.33s	0.0089	0.4602	0.2967	0.8731
199	 3.35s	0.0089	0.4736	0.3076	0.8700
200	 3.33s	0.0089	0.4644	0.3007	0.8715
