epoch	time used	train_loss	valid rse	valid rae	valid corr
  1	 2.79s	2.7010	0.3823	0.2690	0.9428
  2	 2.78s	1.9622	0.3700	0.2509	0.9470
  3	 2.77s	1.8114	0.3553	0.2506	0.9479
  4	 2.78s	1.7468	0.3922	0.2518	0.9477
  5	 2.77s	1.6953	0.3590	0.2419	0.9478
  6	 2.78s	1.6655	0.3914	0.2521	0.9461
  7	 2.79s	1.6158	0.3741	0.2396	0.9477
  8	 2.76s	1.5816	0.3717	0.2358	0.9465
  9	 2.78s	1.5698	0.3616	0.2431	0.9457
 10	 2.76s	1.5413	0.3737	0.2342	0.9472
 11	 2.73s	1.5249	0.3721	0.2338	0.9467
 12	 2.76s	1.5107	0.3883	0.2407	0.9466
 13	 2.79s	1.4936	0.3760	0.2364	0.9453
 14	 2.77s	1.4842	0.3642	0.2372	0.9454
 15	 2.78s	1.4652	0.3612	0.2378	0.9462
 16	 2.76s	1.4643	0.3624	0.2402	0.9461
 17	 2.75s	1.4545	0.3631	0.2296	0.9469
 18	 2.76s	1.4525	0.3620	0.2360	0.9460
 19	 2.80s	1.4488	0.3757	0.2329	0.9471
 20	 2.78s	1.4376	0.3707	0.2353	0.9460
 21	 2.72s	1.4225	0.3825	0.2348	0.9467
 22	 2.76s	1.4124	0.3638	0.2296	0.9468
 23	 2.79s	1.4086	0.3631	0.2331	0.9471
 24	 2.77s	1.4019	0.3689	0.2317	0.9471
 25	 2.76s	1.4054	0.3689	0.2340	0.9456
 26	 2.78s	1.4008	0.3741	0.2336	0.9458
 27	 2.77s	1.3809	0.3639	0.2361	0.9457
 28	 2.76s	1.3885	0.3800	0.2340	0.9463
 29	 2.76s	1.3801	0.3709	0.2344	0.9454
 30	 2.79s	1.3763	0.3742	0.2300	0.9469
 31	 2.73s	1.3730	0.3686	0.2332	0.9462
 32	 2.78s	1.3663	0.3750	0.2314	0.9463
 33	 2.79s	1.3730	0.3852	0.2401	0.9459
 34	 2.77s	1.3660	0.3782	0.2334	0.9449
 35	 2.78s	1.3674	0.3637	0.2355	0.9456
 36	 2.76s	1.3578	0.3809	0.2364	0.9458
 37	 2.76s	1.3666	0.3792	0.2362	0.9448
 38	 2.78s	1.3564	0.3735	0.2379	0.9439
 39	 2.78s	1.3490	0.3969	0.2436	0.9448
 40	 2.77s	1.3567	0.3769	0.2348	0.9452
 41	 2.72s	1.3496	0.3770	0.2344	0.9450
 42	 2.78s	1.3471	0.3692	0.2332	0.9454
 43	 2.76s	1.3430	0.3711	0.2335	0.9446
 44	 2.76s	1.3405	0.3772	0.2381	0.9441
 45	 2.76s	1.3443	0.3687	0.2353	0.9443
 46	 2.79s	1.3449	0.3706	0.2500	0.9434
 47	 2.77s	1.3344	0.3767	0.2374	0.9438
 48	 2.78s	1.3406	0.3764	0.2342	0.9445
 49	 2.76s	1.3472	0.4011	0.2454	0.9451
 50	 2.76s	1.3367	0.3824	0.2400	0.9444
 51	 2.73s	1.3456	0.3861	0.2395	0.9448
 52	 2.75s	1.3345	0.3733	0.2368	0.9437
 53	 2.76s	1.3329	0.3880	0.2380	0.9459
 54	 2.78s	1.3316	0.3710	0.2341	0.9447
 55	 2.76s	1.3235	0.3687	0.2331	0.9456
 56	 2.75s	1.3202	0.3877	0.2396	0.9452
 57	 2.77s	1.3290	0.3707	0.2369	0.9442
 58	 2.77s	1.3239	0.3714	0.2323	0.9443
 59	 2.77s	1.3176	0.3751	0.2382	0.9429
 60	 2.78s	1.3193	0.3871	0.2388	0.9447
 61	 2.73s	1.3263	0.3759	0.2354	0.9440
 62	 2.77s	1.3247	0.3716	0.2381	0.9439
 63	 2.77s	1.3210	0.3703	0.2332	0.9441
 64	 2.77s	1.3182	0.3782	0.2372	0.9427
 65	 2.77s	1.3201	0.3719	0.2365	0.9436
 66	 2.76s	1.3249	0.3784	0.2366	0.9435
 67	 2.77s	1.3195	0.3839	0.2362	0.9433
 68	 2.77s	1.3192	0.3785	0.2396	0.9419
 69	 2.75s	1.3204	0.3868	0.2389	0.9429
 70	 2.79s	1.3161	0.3760	0.2395	0.9423
 71	 2.73s	1.3156	0.3754	0.2340	0.9438
 72	 2.76s	1.3159	0.3748	0.2407	0.9418
 73	 2.77s	1.3117	0.3857	0.2387	0.9432
 74	 2.77s	1.3188	0.3745	0.2424	0.9417
 75	 2.75s	1.3066	0.3766	0.2387	0.9422
 76	 2.75s	1.3098	0.3762	0.2341	0.9446
 77	 2.76s	1.3070	0.3812	0.2399	0.9410
 78	 2.76s	1.3085	0.3741	0.2376	0.9430
 79	 2.76s	1.3098	0.3776	0.2362	0.9428
 80	 2.79s	1.3106	0.3824	0.2416	0.9416
 81	 2.74s	1.3076	0.3890	0.2422	0.9415
 82	 2.77s	1.3044	0.3873	0.2421	0.9405
 83	 2.76s	1.3040	0.3978	0.2462	0.9419
 84	 2.77s	1.3039	0.4050	0.2503	0.9402
 85	 2.77s	1.3025	0.3890	0.2418	0.9416
 86	 2.75s	1.3066	0.3825	0.2379	0.9437
 87	 2.76s	1.3039	0.3798	0.2442	0.9402
 88	 2.76s	1.2968	0.4185	0.2562	0.9412
 89	 2.76s	1.3093	0.3962	0.2459	0.9421
 90	 2.75s	1.3018	0.4013	0.2483	0.9407
 91	 2.73s	1.3029	0.3798	0.2425	0.9404
 92	 2.75s	1.2944	0.3866	0.2458	0.9393
 93	 2.75s	1.2979	0.3920	0.2477	0.9392
 94	 2.76s	1.3052	0.3850	0.2416	0.9403
 95	 2.76s	1.3003	0.3779	0.2398	0.9413
 96	 2.76s	1.2984	0.3974	0.2460	0.9404
 97	 2.77s	1.2997	0.3973	0.2486	0.9391
 98	 2.76s	1.2985	0.3979	0.2511	0.9387
 99	 2.76s	1.3069	0.4211	0.2604	0.9398
100	 2.77s	1.3032	0.3827	0.2435	0.9403
101	 2.73s	1.2996	0.3891	0.2435	0.9400
102	 2.76s	1.2952	0.3882	0.2435	0.9400
103	 2.76s	1.2958	0.4029	0.2478	0.9399
104	 2.76s	1.2975	0.3911	0.2446	0.9399
105	 2.76s	1.2910	0.3875	0.2445	0.9403
106	 2.75s	1.2987	0.4052	0.2508	0.9407
107	 2.78s	1.2976	0.3882	0.2449	0.9399
108	 2.76s	1.2938	0.3901	0.2454	0.9398
109	 2.76s	1.3030	0.3827	0.2442	0.9394
110	 2.75s	1.2871	0.3838	0.2468	0.9392
111	 2.76s	1.2950	0.3860	0.2456	0.9395
112	 2.77s	1.2919	0.3887	0.2466	0.9392
113	 2.81s	1.2893	0.3754	0.2452	0.9410
114	 2.73s	1.2912	0.3938	0.2508	0.9392
115	 2.75s	1.2939	0.3949	0.2450	0.9411
116	 2.76s	1.2895	0.3953	0.2463	0.9404
117	 2.74s	1.2933	0.4014	0.2537	0.9372
118	 2.77s	1.3024	0.3956	0.2489	0.9384
119	 2.73s	1.2884	0.3819	0.2417	0.9405
120	 2.75s	1.2917	0.3779	0.2446	0.9403
121	 2.73s	1.2957	0.3915	0.2437	0.9407
122	 2.74s	1.2896	0.4036	0.2493	0.9387
123	 2.74s	1.2884	0.3892	0.2468	0.9398
124	 2.75s	1.2909	0.3863	0.2501	0.9382
125	 2.75s	1.2911	0.3989	0.2481	0.9394
126	 2.75s	1.2889	0.3893	0.2442	0.9401
127	 2.75s	1.2869	0.3998	0.2515	0.9383
128	 2.75s	1.2857	0.3834	0.2448	0.9393
129	 2.73s	1.2881	0.3995	0.2475	0.9394
130	 2.72s	1.2883	0.3981	0.2478	0.9399
131	 2.73s	1.2864	0.3892	0.2489	0.9383
132	 2.75s	1.2839	0.4047	0.2543	0.9383
133	 2.74s	1.2829	0.4049	0.2544	0.9387
134	 2.75s	1.2813	0.3882	0.2472	0.9382
135	 2.73s	1.2880	0.3927	0.2525	0.9377
136	 2.75s	1.2929	0.3973	0.2473	0.9399
137	 2.75s	1.2820	0.4092	0.2523	0.9397
138	 2.76s	1.2861	0.4051	0.2533	0.9390
139	 2.78s	1.2836	0.3979	0.2462	0.9399
140	 2.74s	1.2870	0.3900	0.2480	0.9373
141	 2.71s	1.2832	0.3945	0.2526	0.9378
142	 2.72s	1.2809	0.3999	0.2489	0.9381
143	 2.72s	1.2836	0.3995	0.2501	0.9384
144	 2.72s	1.2775	0.3881	0.2485	0.9383
145	 2.73s	1.2838	0.3954	0.2526	0.9374
146	 2.74s	1.2908	0.3883	0.2493	0.9386
147	 2.72s	1.2872	0.4085	0.2559	0.9385
148	 2.73s	1.2802	0.3992	0.2485	0.9399
149	 2.73s	1.2785	0.4087	0.2536	0.9367
150	 2.72s	1.2898	0.3882	0.2487	0.9384
151	 2.72s	1.2871	0.3950	0.2512	0.9380
152	 2.74s	1.2934	0.3969	0.2478	0.9395
153	 2.73s	1.2848	0.3926	0.2482	0.9382
154	 2.75s	1.2801	0.3895	0.2462	0.9392
155	 2.74s	1.2932	0.3908	0.2483	0.9383
156	 2.75s	1.2742	0.3997	0.2518	0.9381
157	 2.75s	1.2821	0.3936	0.2503	0.9367
158	 2.75s	1.2846	0.3907	0.2542	0.9363
159	 2.75s	1.2837	0.3975	0.2500	0.9377
160	 2.74s	1.2815	0.4191	0.2620	0.9387
161	 2.74s	1.2815	0.3906	0.2497	0.9380
162	 2.74s	1.2804	0.4067	0.2554	0.9378
163	 2.74s	1.2858	0.3880	0.2512	0.9369
164	 2.75s	1.2814	0.4123	0.2546	0.9380
165	 2.76s	1.2856	0.3909	0.2488	0.9382
166	 2.75s	1.2809	0.3964	0.2487	0.9380
167	 2.75s	1.2817	0.3891	0.2472	0.9378
168	 2.75s	1.2812	0.3850	0.2508	0.9383
169	 2.75s	1.2842	0.3909	0.2467	0.9379
170	 2.73s	1.2789	0.3848	0.2499	0.9387
171	 2.75s	1.2772	0.3860	0.2502	0.9380
172	 2.75s	1.2819	0.4161	0.2592	0.9367
173	 2.74s	1.2776	0.3940	0.2493	0.9375
174	 2.74s	1.2797	0.4109	0.2529	0.9375
175	 2.74s	1.2759	0.3980	0.2486	0.9387
176	 2.73s	1.2779	0.3958	0.2496	0.9372
177	 2.74s	1.2783	0.3889	0.2481	0.9373
178	 2.74s	1.2772	0.3992	0.2535	0.9359
179	 2.76s	1.2860	0.4042	0.2534	0.9358
180	 2.75s	1.2763	0.3920	0.2468	0.9374
181	 2.74s	1.2788	0.3949	0.2495	0.9377
182	 2.73s	1.2763	0.4010	0.2525	0.9366
183	 2.76s	1.2774	0.4026	0.2538	0.9367
184	 2.74s	1.2784	0.3948	0.2480	0.9378
185	 2.74s	1.2820	0.4039	0.2548	0.9363
186	 2.74s	1.2780	0.3965	0.2495	0.9366
187	 2.74s	1.2802	0.3910	0.2458	0.9395
188	 2.73s	1.2739	0.4224	0.2632	0.9369
189	 2.73s	1.2763	0.4015	0.2549	0.9354
190	 2.72s	1.2731	0.4041	0.2609	0.9345
191	 2.71s	1.2748	0.4049	0.2604	0.9339
192	 2.71s	1.2806	0.3983	0.2542	0.9358
193	 2.72s	1.2695	0.4227	0.2614	0.9370
194	 2.72s	1.2761	0.3963	0.2496	0.9374
195	 2.72s	1.2749	0.3883	0.2498	0.9375
196	 2.72s	1.2736	0.3967	0.2515	0.9366
197	 2.73s	1.2844	0.4078	0.2597	0.9349
198	 2.71s	1.2826	0.4087	0.2514	0.9390
199	 2.72s	1.2690	0.4002	0.2556	0.9353
200	 2.72s	1.2690	0.4052	0.2518	0.9372
