epoch	time used	train_loss	valid rse	valid rae	valid corr
  1	 0.40s	0.1163	0.1682	0.1790	0.8257
  2	 0.39s	0.0318	0.0706	0.0643	0.9154
  3	 0.40s	0.0213	0.0671	0.0557	0.9482
  4	 0.39s	0.0175	0.0753	0.0601	0.9511
  5	 0.40s	0.0153	0.0691	0.0555	0.9523
  6	 0.39s	0.0142	0.0657	0.0526	0.9524
  7	 0.41s	0.0133	0.0779	0.0611	0.9531
  8	 0.39s	0.0139	0.0625	0.0499	0.9539
  9	 0.39s	0.0130	0.0650	0.0518	0.9546
 10	 0.41s	0.0127	0.0640	0.0512	0.9548
 11	 0.35s	0.0125	0.0623	0.0504	0.9554
 12	 0.39s	0.0123	0.0618	0.0516	0.9562
 13	 0.39s	0.0119	0.0600	0.0488	0.9561
 14	 0.39s	0.0118	0.0668	0.0527	0.9560
 15	 0.40s	0.0124	0.0738	0.0583	0.9571
 16	 0.40s	0.0123	0.0732	0.0595	0.9575
 17	 0.41s	0.0116	0.0593	0.0492	0.9581
 18	 0.40s	0.0123	0.0616	0.0479	0.9580
 19	 0.39s	0.0120	0.0593	0.0467	0.9577
 20	 0.39s	0.0115	0.0594	0.0471	0.9588
 21	 0.37s	0.0118	0.0663	0.0529	0.9585
 22	 0.39s	0.0117	0.0623	0.0490	0.9585
 23	 0.40s	0.0112	0.0587	0.0471	0.9590
 24	 0.38s	0.0112	0.0588	0.0468	0.9596
 25	 0.40s	0.0113	0.0610	0.0485	0.9595
 26	 0.39s	0.0117	0.0586	0.0478	0.9596
 27	 0.39s	0.0111	0.0587	0.0491	0.9607
 28	 0.39s	0.0113	0.0605	0.0478	0.9604
 29	 0.39s	0.0112	0.0565	0.0458	0.9608
 30	 0.39s	0.0110	0.0565	0.0456	0.9609
 31	 0.35s	0.0110	0.0600	0.0471	0.9608
 32	 0.39s	0.0113	0.0582	0.0459	0.9611
 33	 0.41s	0.0110	0.0570	0.0484	0.9609
 34	 0.39s	0.0114	0.0568	0.0456	0.9611
 35	 0.40s	0.0108	0.0556	0.0450	0.9615
 36	 0.39s	0.0111	0.0674	0.0541	0.9614
 37	 0.39s	0.0126	0.0621	0.0487	0.9612
 38	 0.39s	0.0110	0.0571	0.0469	0.9616
 39	 0.40s	0.0110	0.0554	0.0456	0.9617
 40	 0.39s	0.0108	0.0577	0.0457	0.9618
 41	 0.35s	0.0108	0.0551	0.0452	0.9615
 42	 0.39s	0.0108	0.0670	0.0536	0.9621
 43	 0.40s	0.0121	0.0580	0.0476	0.9619
 44	 0.40s	0.0114	0.0574	0.0456	0.9616
 45	 0.39s	0.0106	0.0556	0.0446	0.9623
 46	 0.40s	0.0108	0.0569	0.0486	0.9621
 47	 0.39s	0.0108	0.0573	0.0452	0.9624
 48	 0.40s	0.0110	0.0571	0.0486	0.9619
 49	 0.39s	0.0106	0.0552	0.0443	0.9622
 50	 0.39s	0.0105	0.0592	0.0466	0.9626
 51	 0.35s	0.0106	0.0550	0.0458	0.9626
 52	 0.39s	0.0104	0.0569	0.0462	0.9626
 53	 0.38s	0.0107	0.0565	0.0448	0.9629
 54	 0.40s	0.0108	0.0551	0.0440	0.9631
 55	 0.40s	0.0105	0.0550	0.0438	0.9630
 56	 0.40s	0.0109	0.0578	0.0457	0.9629
 57	 0.39s	0.0108	0.0562	0.0453	0.9625
 58	 0.39s	0.0105	0.0568	0.0493	0.9634
 59	 0.40s	0.0106	0.0599	0.0473	0.9634
 60	 0.40s	0.0106	0.0554	0.0480	0.9633
 61	 0.34s	0.0103	0.0544	0.0446	0.9633
 62	 0.39s	0.0104	0.0574	0.0451	0.9634
 63	 0.39s	0.0106	0.0546	0.0437	0.9636
 64	 0.40s	0.0107	0.0536	0.0444	0.9636
 65	 0.39s	0.0106	0.0591	0.0469	0.9638
 66	 0.40s	0.0105	0.0540	0.0452	0.9637
 67	 0.39s	0.0105	0.0553	0.0440	0.9638
 68	 0.39s	0.0103	0.0536	0.0447	0.9634
 69	 0.39s	0.0106	0.0602	0.0481	0.9634
 70	 0.39s	0.0104	0.0547	0.0451	0.9635
 71	 0.34s	0.0105	0.0539	0.0434	0.9639
 72	 0.39s	0.0105	0.0548	0.0436	0.9636
 73	 0.38s	0.0104	0.0541	0.0458	0.9637
 74	 0.40s	0.0104	0.0548	0.0452	0.9641
 75	 0.39s	0.0105	0.0544	0.0434	0.9641
 76	 0.39s	0.0108	0.0553	0.0439	0.9640
 77	 0.39s	0.0102	0.0534	0.0426	0.9641
 78	 0.38s	0.0105	0.0529	0.0439	0.9642
 79	 0.38s	0.0102	0.0538	0.0435	0.9640
 80	 0.39s	0.0105	0.0642	0.0527	0.9645
 81	 0.35s	0.0105	0.0540	0.0461	0.9642
 82	 0.38s	0.0103	0.0562	0.0446	0.9641
 83	 0.38s	0.0103	0.0550	0.0437	0.9641
 84	 0.38s	0.0103	0.0532	0.0446	0.9642
 85	 0.39s	0.0103	0.0610	0.0495	0.9645
 86	 0.38s	0.0108	0.0530	0.0435	0.9638
 87	 0.38s	0.0102	0.0546	0.0436	0.9644
 88	 0.39s	0.0102	0.0590	0.0475	0.9644
 89	 0.39s	0.0105	0.0542	0.0434	0.9646
 90	 0.38s	0.0103	0.0528	0.0438	0.9644
 91	 0.36s	0.0115	0.0549	0.0439	0.9644
 92	 0.38s	0.0104	0.0547	0.0435	0.9645
 93	 0.39s	0.0109	0.0526	0.0431	0.9643
 94	 0.38s	0.0105	0.0538	0.0444	0.9646
 95	 0.39s	0.0103	0.0535	0.0452	0.9646
 96	 0.39s	0.0104	0.0537	0.0454	0.9646
 97	 0.38s	0.0103	0.0553	0.0441	0.9648
 98	 0.39s	0.0101	0.0632	0.0520	0.9646
 99	 0.38s	0.0107	0.0537	0.0443	0.9643
100	 0.39s	0.0106	0.0560	0.0446	0.9645
101	 0.35s	0.0104	0.0590	0.0470	0.9648
102	 0.39s	0.0108	0.0638	0.0512	0.9646
103	 0.38s	0.0104	0.0567	0.0454	0.9646
104	 0.38s	0.0101	0.0531	0.0441	0.9648
105	 0.38s	0.0102	0.0529	0.0443	0.9648
106	 0.39s	0.0104	0.0530	0.0444	0.9648
107	 0.38s	0.0108	0.0538	0.0430	0.9647
108	 0.38s	0.0104	0.0533	0.0441	0.9649
109	 0.38s	0.0103	0.0560	0.0448	0.9649
110	 0.38s	0.0107	0.0581	0.0523	0.9649
111	 0.35s	0.0111	0.0528	0.0424	0.9648
112	 0.38s	0.0102	0.0554	0.0445	0.9649
113	 0.38s	0.0106	0.0546	0.0453	0.9647
114	 0.38s	0.0102	0.0529	0.0424	0.9651
115	 0.38s	0.0101	0.0530	0.0429	0.9654
116	 0.38s	0.0103	0.0530	0.0448	0.9650
117	 0.38s	0.0101	0.0585	0.0472	0.9653
118	 0.38s	0.0102	0.0560	0.0448	0.9651
119	 0.38s	0.0103	0.0537	0.0434	0.9649
120	 0.39s	0.0103	0.0565	0.0461	0.9646
121	 0.35s	0.0104	0.0541	0.0433	0.9652
122	 0.38s	0.0106	0.0570	0.0456	0.9650
123	 0.38s	0.0107	0.0542	0.0469	0.9650
124	 0.39s	0.0102	0.0529	0.0439	0.9654
125	 0.38s	0.0104	0.0532	0.0430	0.9654
126	 0.38s	0.0103	0.0533	0.0426	0.9652
127	 0.39s	0.0101	0.0537	0.0430	0.9653
128	 0.38s	0.0100	0.0556	0.0450	0.9651
129	 0.39s	0.0100	0.0572	0.0464	0.9654
130	 0.37s	0.0100	0.0560	0.0451	0.9656
131	 0.35s	0.0101	0.0532	0.0440	0.9640
132	 0.37s	0.0100	0.0539	0.0432	0.9656
133	 0.38s	0.0100	0.0540	0.0439	0.9653
134	 0.38s	0.0100	0.0525	0.0429	0.9649
135	 0.37s	0.0102	0.0530	0.0431	0.9656
136	 0.39s	0.0100	0.0520	0.0424	0.9657
137	 0.37s	0.0104	0.0566	0.0455	0.9656
138	 0.38s	0.0102	0.0571	0.0462	0.9655
139	 0.38s	0.0100	0.0521	0.0420	0.9659
140	 0.37s	0.0112	0.0540	0.0433	0.9655
141	 0.35s	0.0101	0.0523	0.0427	0.9649
142	 0.37s	0.0105	0.0526	0.0445	0.9654
143	 0.38s	0.0101	0.0535	0.0431	0.9654
144	 0.37s	0.0103	0.0532	0.0428	0.9655
145	 0.37s	0.0099	0.0537	0.0431	0.9656
146	 0.37s	0.0101	0.0527	0.0449	0.9656
147	 0.37s	0.0103	0.0534	0.0430	0.9655
148	 0.38s	0.0100	0.0588	0.0474	0.9654
149	 0.38s	0.0107	0.0589	0.0482	0.9653
150	 0.37s	0.0103	0.0529	0.0432	0.9655
151	 0.36s	0.0099	0.0535	0.0429	0.9656
152	 0.37s	0.0099	0.0533	0.0431	0.9653
153	 0.37s	0.0102	0.0578	0.0465	0.9657
154	 0.37s	0.0098	0.0517	0.0425	0.9655
155	 0.37s	0.0099	0.0520	0.0422	0.9658
156	 0.38s	0.0102	0.0555	0.0448	0.9655
157	 0.37s	0.0102	0.0542	0.0433	0.9656
158	 0.37s	0.0099	0.0545	0.0436	0.9657
159	 0.38s	0.0103	0.0517	0.0420	0.9656
160	 0.37s	0.0099	0.0525	0.0447	0.9658
161	 0.35s	0.0107	0.0522	0.0436	0.9658
162	 0.37s	0.0106	0.0542	0.0431	0.9657
163	 0.37s	0.0106	0.0518	0.0430	0.9657
164	 0.37s	0.0102	0.0570	0.0463	0.9657
165	 0.37s	0.0101	0.0515	0.0420	0.9656
166	 0.36s	0.0103	0.0512	0.0417	0.9657
167	 0.37s	0.0113	0.0521	0.0422	0.9654
168	 0.37s	0.0099	0.0553	0.0443	0.9660
169	 0.37s	0.0101	0.0536	0.0429	0.9659
170	 0.37s	0.0099	0.0553	0.0441	0.9658
171	 0.35s	0.0098	0.0541	0.0439	0.9655
172	 0.37s	0.0099	0.0523	0.0420	0.9658
173	 0.37s	0.0101	0.0552	0.0442	0.9659
174	 0.37s	0.0103	0.0520	0.0427	0.9658
175	 0.37s	0.0103	0.0525	0.0422	0.9659
176	 0.37s	0.0099	0.0513	0.0427	0.9659
177	 0.37s	0.0099	0.0525	0.0424	0.9661
178	 0.37s	0.0099	0.0518	0.0428	0.9659
179	 0.37s	0.0101	0.0518	0.0425	0.9658
180	 0.36s	0.0102	0.0530	0.0461	0.9660
181	 0.35s	0.0107	0.0550	0.0439	0.9661
182	 0.36s	0.0105	0.0519	0.0437	0.9659
183	 0.36s	0.0105	0.0533	0.0424	0.9658
184	 0.37s	0.0105	0.0515	0.0434	0.9658
185	 0.36s	0.0103	0.0513	0.0428	0.9660
186	 0.36s	0.0101	0.0517	0.0424	0.9660
187	 0.37s	0.0100	0.0528	0.0453	0.9656
188	 0.37s	0.0104	0.0521	0.0424	0.9656
189	 0.37s	0.0099	0.0527	0.0423	0.9659
190	 0.37s	0.0098	0.0527	0.0426	0.9660
191	 0.35s	0.0099	0.0524	0.0419	0.9656
192	 0.36s	0.0099	0.0515	0.0419	0.9660
193	 0.36s	0.0099	0.0518	0.0416	0.9660
194	 0.37s	0.0105	0.0528	0.0421	0.9659
195	 0.36s	0.0099	0.0517	0.0434	0.9660
196	 0.38s	0.0101	0.0537	0.0426	0.9660
197	 0.37s	0.0100	0.0521	0.0416	0.9660
198	 0.36s	0.0099	0.0516	0.0414	0.9657
199	 0.37s	0.0101	0.0525	0.0442	0.9659
200	 0.36s	0.0102	0.0523	0.0417	0.9660
