epoch	time used	train_loss	valid rse	valid rae	valid corr
  1	13.59s	3.0641	0.4919	0.3399	0.9076
  2	 3.90s	2.1584	0.4375	0.2985	0.9241
  3	 3.92s	2.0031	0.4394	0.2804	0.9257
  4	 3.91s	1.9249	0.4356	0.2751	0.9279
  5	 3.91s	1.8643	0.4516	0.2864	0.9283
  6	 3.91s	1.8263	0.4301	0.2758	0.9288
  7	 3.88s	1.7807	0.4321	0.2654	0.9300
  8	 3.93s	1.7477	0.4269	0.2630	0.9305
  9	 3.88s	1.7365	0.4250	0.2632	0.9311
 10	 3.88s	1.7195	0.4333	0.2625	0.9312
 11	 3.84s	1.6945	0.4257	0.2698	0.9307
 12	 3.92s	1.6852	0.4254	0.2583	0.9315
 13	 3.89s	1.6650	0.4304	0.2617	0.9310
 14	 3.89s	1.6629	0.4216	0.2587	0.9313
 15	 3.90s	1.6546	0.4326	0.2622	0.9299
 16	 3.91s	1.6504	0.4247	0.2615	0.9306
 17	 3.90s	1.6398	0.4330	0.2615	0.9303
 18	 3.88s	1.6299	0.4288	0.2593	0.9305
 19	 3.91s	1.6299	0.4241	0.2559	0.9306
 20	 3.89s	1.6191	0.4418	0.2706	0.9285
 21	 3.87s	1.6048	0.4266	0.2574	0.9299
 22	 3.87s	1.5963	0.4261	0.2591	0.9303
 23	 3.93s	1.5879	0.4294	0.2563	0.9301
 24	 3.89s	1.5838	0.4288	0.2591	0.9298
 25	 3.88s	1.5838	0.4264	0.2581	0.9298
 26	 3.90s	1.5760	0.4301	0.2594	0.9291
 27	 3.90s	1.5751	0.4270	0.2616	0.9286
 28	 3.90s	1.5704	0.4425	0.2702	0.9286
 29	 3.88s	1.5646	0.4396	0.2624	0.9291
 30	 3.93s	1.5753	0.4403	0.2636	0.9283
 31	 3.89s	1.5494	0.4345	0.2657	0.9269
 32	 3.89s	1.5580	0.4388	0.2674	0.9263
 33	 3.89s	1.5604	0.4327	0.2678	0.9274
 34	 3.93s	1.5498	0.4376	0.2612	0.9282
 35	 3.90s	1.5463	0.4317	0.2600	0.9284
 36	 3.90s	1.5371	0.4351	0.2646	0.9268
 37	 3.88s	1.5359	0.4459	0.2741	0.9256
 38	 3.91s	1.5356	0.4545	0.2777	0.9256
 39	 3.89s	1.5323	0.4336	0.2615	0.9274
 40	 3.89s	1.5269	0.4467	0.2691	0.9274
 41	 3.86s	1.5267	0.4319	0.2629	0.9276
 42	 3.91s	1.5254	0.4462	0.2660	0.9276
 43	 3.90s	1.5152	0.4348	0.2620	0.9274
 44	 3.87s	1.5192	0.4422	0.2698	0.9266
 45	 3.93s	1.5221	0.4388	0.2642	0.9269
 46	 3.88s	1.5060	0.4347	0.2650	0.9268
 47	 3.88s	1.5125	0.4403	0.2675	0.9264
 48	 3.90s	1.5117	0.4331	0.2654	0.9271
 49	 3.93s	1.5136	0.4459	0.2664	0.9266
 50	 3.92s	1.5053	0.4325	0.2641	0.9270
 51	 3.85s	1.5025	0.4382	0.2665	0.9262
 52	 3.90s	1.5062	0.4458	0.2705	0.9260
 53	 3.92s	1.5005	0.4391	0.2640	0.9273
 54	 3.90s	1.5045	0.4354	0.2644	0.9262
 55	 3.87s	1.4881	0.4500	0.2729	0.9246
 56	 3.93s	1.4869	0.4374	0.2620	0.9270
 57	 3.90s	1.4911	0.4391	0.2646	0.9259
 58	 3.89s	1.4887	0.4372	0.2641	0.9263
 59	 3.87s	1.4918	0.4569	0.2795	0.9242
 60	 3.89s	1.4898	0.4453	0.2677	0.9261
 61	 3.85s	1.4904	0.4407	0.2674	0.9249
 62	 3.88s	1.4819	0.4434	0.2661	0.9257
 63	 3.89s	1.4878	0.4365	0.2656	0.9256
 64	 3.89s	1.4919	0.4430	0.2651	0.9256
 65	 3.89s	1.4811	0.4392	0.2655	0.9258
 66	 3.88s	1.4837	0.4502	0.2722	0.9245
 67	 3.92s	1.4709	0.4594	0.2796	0.9222
 68	 3.87s	1.4736	0.4561	0.2753	0.9243
 69	 3.87s	1.4682	0.4442	0.2656	0.9254
 70	 3.88s	1.4647	0.4559	0.2748	0.9236
 71	 3.88s	1.4707	0.4409	0.2684	0.9250
 72	 3.88s	1.4654	0.4426	0.2677	0.9242
 73	 3.89s	1.4663	0.4558	0.2750	0.9231
 74	 3.88s	1.4678	0.4669	0.2858	0.9232
 75	 3.89s	1.4638	0.4585	0.2744	0.9235
 76	 3.88s	1.4604	0.4490	0.2710	0.9236
 77	 3.86s	1.4669	0.4453	0.2671	0.9244
 78	 3.91s	1.4600	0.4540	0.2752	0.9239
 79	 3.87s	1.4613	0.4434	0.2689	0.9253
 80	 3.88s	1.4552	0.4451	0.2682	0.9245
 81	 3.84s	1.4530	0.4557	0.2733	0.9234
 82	 3.92s	1.4613	0.4525	0.2720	0.9247
 83	 3.88s	1.4589	0.4474	0.2689	0.9252
 84	 3.87s	1.4508	0.4463	0.2697	0.9237
 85	 3.89s	1.4497	0.4533	0.2762	0.9223
 86	 3.88s	1.4548	0.4422	0.2694	0.9250
 87	 3.87s	1.4527	0.4495	0.2698	0.9241
 88	 3.84s	1.4464	0.4490	0.2711	0.9251
 89	 3.91s	1.4493	0.4514	0.2736	0.9240
 90	 3.87s	1.4556	0.4432	0.2726	0.9234
 91	 3.87s	1.4587	0.4674	0.2868	0.9227
 92	 3.87s	1.4483	0.4478	0.2689	0.9240
 93	 3.91s	1.4397	0.4551	0.2738	0.9230
 94	 3.88s	1.4406	0.4525	0.2715	0.9232
 95	 3.86s	1.4351	0.4565	0.2763	0.9229
 96	 3.87s	1.4423	0.4564	0.2758	0.9230
 97	 3.91s	1.4386	0.4550	0.2733	0.9237
 98	 3.88s	1.4411	0.4473	0.2702	0.9234
 99	 3.88s	1.4398	0.4655	0.2806	0.9226
100	 3.92s	1.4377	0.4757	0.2933	0.9204
101	 3.87s	1.4373	0.4497	0.2720	0.9230
102	 3.87s	1.4300	0.4554	0.2743	0.9234
103	 3.85s	1.4342	0.4675	0.2819	0.9223
104	 3.91s	1.4360	0.4616	0.2749	0.9235
105	 3.88s	1.4318	0.4580	0.2760	0.9227
106	 3.87s	1.4354	0.4562	0.2758	0.9221
107	 3.88s	1.4348	0.4555	0.2721	0.9230
108	 3.89s	1.4270	0.4551	0.2721	0.9233
109	 3.88s	1.4324	0.4562	0.2750	0.9229
110	 3.87s	1.4315	0.4662	0.2849	0.9213
111	 3.85s	1.4307	0.4535	0.2708	0.9236
112	 3.88s	1.4301	0.4635	0.2801	0.9212
113	 3.86s	1.4293	0.4547	0.2742	0.9230
114	 3.85s	1.4216	0.4620	0.2778	0.9236
115	 3.90s	1.4232	0.4625	0.2788	0.9231
116	 3.86s	1.4279	0.4632	0.2786	0.9221
117	 3.88s	1.4229	0.4533	0.2746	0.9225
118	 3.87s	1.4266	0.4538	0.2734	0.9229
119	 3.87s	1.4293	0.4589	0.2770	0.9218
120	 3.88s	1.4287	0.4509	0.2718	0.9233
121	 3.85s	1.4251	0.4658	0.2828	0.9208
122	 3.90s	1.4205	0.4596	0.2773	0.9222
123	 3.87s	1.4215	0.4581	0.2765	0.9214
124	 3.87s	1.4232	0.4644	0.2777	0.9221
125	 3.84s	1.4221	0.4604	0.2783	0.9219
126	 3.90s	1.4147	0.4584	0.2762	0.9225
127	 3.86s	1.4122	0.4540	0.2730	0.9233
128	 3.87s	1.4192	0.4480	0.2728	0.9224
129	 3.87s	1.4234	0.4598	0.2783	0.9216
130	 3.87s	1.4154	0.4513	0.2705	0.9231
131	 3.85s	1.4144	0.4563	0.2751	0.9219
132	 3.87s	1.4160	0.4539	0.2711	0.9230
133	 3.87s	1.4295	0.4536	0.2728	0.9224
134	 3.86s	1.4141	0.4577	0.2738	0.9214
135	 3.86s	1.4207	0.4613	0.2754	0.9225
136	 3.84s	1.4164	0.4503	0.2713	0.9225
137	 3.89s	1.4183	0.4585	0.2760	0.9225
138	 3.86s	1.4202	0.4579	0.2759	0.9224
139	 3.87s	1.4078	0.4576	0.2774	0.9207
140	 3.87s	1.4241	0.4582	0.2791	0.9209
141	 3.88s	1.4144	0.4535	0.2763	0.9224
142	 3.86s	1.4126	0.4605	0.2777	0.9219
143	 3.86s	1.4107	0.4582	0.2763	0.9224
144	 3.85s	1.4099	0.4597	0.2798	0.9207
145	 3.89s	1.4186	0.4564	0.2761	0.9219
146	 3.88s	1.4101	0.4607	0.2764	0.9221
147	 3.84s	1.4155	0.4536	0.2733	0.9221
148	 3.91s	1.4096	0.4564	0.2753	0.9220
149	 3.87s	1.4110	0.4564	0.2763	0.9221
150	 3.86s	1.4077	0.4481	0.2721	0.9229
151	 3.83s	1.4113	0.4564	0.2766	0.9214
152	 3.90s	1.4144	0.4560	0.2729	0.9223
153	 3.85s	1.4059	0.4612	0.2767	0.9218
154	 3.87s	1.4056	0.4669	0.2813	0.9200
155	 3.86s	1.4050	0.4603	0.2768	0.9217
156	 3.87s	1.4061	0.4720	0.2902	0.9199
157	 3.88s	1.4051	0.4656	0.2802	0.9219
158	 3.84s	1.4038	0.4633	0.2801	0.9207
159	 3.89s	1.4019	0.4655	0.2831	0.9211
160	 3.86s	1.4007	0.4582	0.2767	0.9217
161	 3.86s	1.4015	0.4570	0.2746	0.9215
162	 3.84s	1.4036	0.4613	0.2794	0.9219
163	 3.89s	1.4053	0.4617	0.2783	0.9223
164	 3.87s	1.4052	0.4719	0.2848	0.9217
165	 3.84s	1.3988	0.4534	0.2732	0.9223
166	 3.85s	1.4049	0.4516	0.2738	0.9216
167	 3.87s	1.4006	0.4700	0.2837	0.9203
168	 3.87s	1.4002	0.4520	0.2741	0.9222
169	 3.85s	1.3998	0.4639	0.2816	0.9201
170	 3.89s	1.4019	0.4666	0.2821	0.9202
171	 3.86s	1.4018	0.4695	0.2836	0.9192
172	 3.85s	1.4066	0.4600	0.2756	0.9223
173	 3.84s	1.4068	0.4553	0.2769	0.9209
174	 3.89s	1.3982	0.4589	0.2775	0.9208
175	 3.85s	1.3985	0.4668	0.2813	0.9211
176	 3.86s	1.3937	0.4640	0.2806	0.9207
177	 3.86s	1.3983	0.4675	0.2816	0.9210
178	 3.87s	1.3977	0.4609	0.2807	0.9200
179	 3.86s	1.3954	0.4674	0.2827	0.9217
180	 3.83s	1.3975	0.4610	0.2772	0.9215
181	 3.85s	1.3964	0.4641	0.2810	0.9207
182	 3.87s	1.3915	0.4599	0.2789	0.9211
183	 3.87s	1.3915	0.4533	0.2758	0.9212
184	 3.85s	1.3969	0.4625	0.2796	0.9210
185	 3.89s	1.3941	0.4639	0.2813	0.9202
186	 3.86s	1.3992	0.4621	0.2771	0.9213
187	 3.86s	1.3950	0.4622	0.2806	0.9208
188	 3.85s	1.3981	0.4772	0.2877	0.9195
189	 3.87s	1.3906	0.4889	0.2997	0.9195
190	 3.87s	1.3921	0.4576	0.2769	0.9207
191	 3.84s	1.3976	0.4828	0.2969	0.9193
192	 3.93s	1.3933	0.4658	0.2820	0.9202
193	 3.89s	1.3923	0.4679	0.2848	0.9193
194	 3.86s	1.3930	0.4600	0.2800	0.9214
195	 3.83s	1.3939	0.4656	0.2829	0.9204
196	 3.89s	1.3898	0.4759	0.2906	0.9193
197	 3.86s	1.3919	0.4764	0.2913	0.9202
198	 3.86s	1.3921	0.4731	0.2865	0.9200
199	 3.85s	1.3883	0.4688	0.2858	0.9192
200	 3.87s	1.4001	0.4758	0.2880	0.9199
